{"C:\\Users\\hamma\\Desktop\\cohort-9-mern-14766-hammad\\backend\\src\\app.js":{"path":"C:\\Users\\hamma\\Desktop\\cohort-9-mern-14766-hammad\\backend\\src\\app.js","statementMap":{"0":{"start":{"line":1,"column":16},"end":{"line":1,"column":34}},"1":{"start":{"line":2,"column":13},"end":{"line":2,"column":28}},"2":{"start":{"line":4,"column":34},"end":{"line":4,"column":57}},"3":{"start":{"line":5,"column":15},"end":{"line":5,"column":34}},"4":{"start":{"line":6,"column":23},"end":{"line":6,"column":64}},"5":{"start":{"line":7,"column":35},"end":{"line":7,"column":75}},"6":{"start":{"line":9,"column":12},"end":{"line":9,"column":21}},"7":{"start":{"line":13,"column":0},"end":{"line":13,"column":20}},"8":{"start":{"line":15,"column":0},"end":{"line":15,"column":38}},"9":{"start":{"line":16,"column":0},"end":{"line":16,"column":44}},"10":{"start":{"line":17,"column":0},"end":{"line":17,"column":66}},"11":{"start":{"line":19,"column":0},"end":{"line":19,"column":27}},"12":{"start":{"line":22,"column":0},"end":{"line":22,"column":18}},"13":{"start":{"line":23,"column":0},"end":{"line":23,"column":22}},"14":{"start":{"line":25,"column":0},"end":{"line":25,"column":21}}},"fnMap":{},"branchMap":{},"s":{"0":1,"1":1,"2":1,"3":1,"4":1,"5":1,"6":1,"7":1,"8":1,"9":1,"10":1,"11":1,"12":1,"13":1,"14":1},"f":{},"b":{},"_coverageSchema":"1a1c01bbd47fc00a2c39e90264f33305004495a9","hash":"ddf0265fa5a26140b4016a48c9390014b76e567f","contentHash":"0f622a6ae1bd11a0b03943dd2d6da6125a68717e1947e7b45dff76eeec9c5e7e"},"C:\\Users\\hamma\\Desktop\\cohort-9-mern-14766-hammad\\backend\\src\\config\\env.js":{"path":"C:\\Users\\hamma\\Desktop\\cohort-9-mern-14766-hammad\\backend\\src\\config\\env.js","statementMap":{"0":{"start":{"line":1,"column":0},"end":{"line":1,"column":27}},"1":{"start":{"line":3,"column":36},"end":{"line":3,"column":47}},"2":{"start":{"line":5,"column":0},"end":{"line":5,"column":60}},"3":{"start":{"line":5,"column":18},"end":{"line":5,"column":60}},"4":{"start":{"line":6,"column":0},"end":{"line":6,"column":58}},"5":{"start":{"line":6,"column":17},"end":{"line":6,"column":58}},"6":{"start":{"line":8,"column":16},"end":{"line":8,"column":53}},"7":{"start":{"line":9,"column":21},"end":{"line":9,"column":45}},"8":{"start":{"line":11,"column":0},"end":{"line":26,"column":2}}},"fnMap":{},"branchMap":{"0":{"loc":{"start":{"line":5,"column":0},"end":{"line":5,"column":60}},"type":"if","locations":[{"start":{"line":5,"column":0},"end":{"line":5,"column":60}},{"start":{},"end":{}}],"line":5},"1":{"loc":{"start":{"line":6,"column":0},"end":{"line":6,"column":58}},"type":"if","locations":[{"start":{"line":6,"column":0},"end":{"line":6,"column":58}},{"start":{},"end":{}}],"line":6},"2":{"loc":{"start":{"line":8,"column":16},"end":{"line":8,"column":53}},"type":"binary-expr","locations":[{"start":{"line":8,"column":16},"end":{"line":8,"column":36}},{"start":{"line":8,"column":40},"end":{"line":8,"column":53}}],"line":8},"3":{"loc":{"start":{"line":14,"column":8},"end":{"line":14,"column":40}},"type":"binary-expr","locations":[{"start":{"line":14,"column":8},"end":{"line":14,"column":32}},{"start":{"line":14,"column":36},"end":{"line":14,"column":40}}],"line":14},"4":{"loc":{"start":{"line":17,"column":16},"end":{"line":17,"column":50}},"type":"binary-expr","locations":[{"start":{"line":17,"column":16},"end":{"line":17,"column":42}},{"start":{"line":17,"column":46},"end":{"line":17,"column":50}}],"line":17},"5":{"loc":{"start":{"line":18,"column":14},"end":{"line":18,"column":58}},"type":"binary-expr","locations":[{"start":{"line":18,"column":14},"end":{"line":18,"column":52}},{"start":{"line":18,"column":56},"end":{"line":18,"column":58}}],"line":18},"6":{"loc":{"start":{"line":19,"column":14},"end":{"line":19,"column":44}},"type":"binary-expr","locations":[{"start":{"line":19,"column":14},"end":{"line":19,"column":37}},{"start":{"line":19,"column":41},"end":{"line":19,"column":44}}],"line":19},"7":{"loc":{"start":{"line":22,"column":13},"end":{"line":22,"column":45}},"type":"binary-expr","locations":[{"start":{"line":22,"column":13},"end":{"line":22,"column":35}},{"start":{"line":22,"column":39},"end":{"line":22,"column":45}}],"line":22},"8":{"loc":{"start":{"line":25,"column":12},"end":{"line":25,"column":70}},"type":"binary-expr","locations":[{"start":{"line":25,"column":12},"end":{"line":25,"column":33}},{"start":{"line":25,"column":38},"end":{"line":25,"column":69}}],"line":25},"9":{"loc":{"start":{"line":25,"column":38},"end":{"line":25,"column":69}},"type":"cond-expr","locations":[{"start":{"line":25,"column":53},"end":{"line":25,"column":59}},{"start":{"line":25,"column":62},"end":{"line":25,"column":69}}],"line":25}},"s":{"0":1,"1":1,"2":1,"3":0,"4":1,"5":0,"6":1,"7":1,"8":1},"f":{},"b":{"0":[0,1],"1":[0,1],"2":[1,0],"3":[1,0],"4":[1,0],"5":[1,0],"6":[1,0],"7":[1,0],"8":[1,0],"9":[0,0]},"_coverageSchema":"1a1c01bbd47fc00a2c39e90264f33305004495a9","hash":"96d47f4547ec93f6e78d443ac4b1774853bde39e","contentHash":"f2807d56e155f2000d0f293feb09144c4bdf8587c4db05f874621f451fc93db7"},"C:\\Users\\hamma\\Desktop\\cohort-9-mern-14766-hammad\\backend\\src\\routes\\index.js":{"path":"C:\\Users\\hamma\\Desktop\\cohort-9-mern-14766-hammad\\backend\\src\\routes\\index.js","statementMap":{"0":{"start":{"line":1,"column":16},"end":{"line":1,"column":34}},"1":{"start":{"line":3,"column":19},"end":{"line":3,"column":43}},"2":{"start":{"line":4,"column":19},"end":{"line":4,"column":43}},"3":{"start":{"line":6,"column":15},"end":{"line":6,"column":31}},"4":{"start":{"line":8,"column":0},"end":{"line":10,"column":3}},"5":{"start":{"line":9,"column":2},"end":{"line":9,"column":57}},"6":{"start":{"line":12,"column":0},"end":{"line":12,"column":32}},"7":{"start":{"line":13,"column":0},"end":{"line":13,"column":33}},"8":{"start":{"line":15,"column":0},"end":{"line":15,"column":24}}},"fnMap":{"0":{"name":"(anonymous_0)","decl":{"start":{"line":8,"column":22},"end":{"line":8,"column":23}},"loc":{"start":{"line":8,"column":36},"end":{"line":10,"column":1}},"line":8}},"branchMap":{},"s":{"0":1,"1":1,"2":1,"3":1,"4":1,"5":3,"6":1,"7":1,"8":1},"f":{"0":3},"b":{},"_coverageSchema":"1a1c01bbd47fc00a2c39e90264f33305004495a9","hash":"2545daf07fb661f9d63991f97c92f1ba09247310","contentHash":"db5e658f1ffc0032965bc118dc0a61ba4ea3cc7bc06b48bffeb8c3b4e4aa9b99"},"C:\\Users\\hamma\\Desktop\\cohort-9-mern-14766-hammad\\backend\\src\\routes\\auth.routes.js":{"path":"C:\\Users\\hamma\\Desktop\\cohort-9-mern-14766-hammad\\backend\\src\\routes\\auth.routes.js","statementMap":{"0":{"start":{"line":1,"column":16},"end":{"line":1,"column":34}},"1":{"start":{"line":3,"column":35},"end":{"line":3,"column":76}},"2":{"start":{"line":4,"column":17},"end":{"line":4,"column":50}},"3":{"start":{"line":5,"column":14},"end":{"line":5,"column":55}},"4":{"start":{"line":6,"column":25},"end":{"line":6,"column":65}},"5":{"start":{"line":10,"column":4},"end":{"line":10,"column":43}},"6":{"start":{"line":12,"column":15},"end":{"line":12,"column":31}},"7":{"start":{"line":14,"column":0},"end":{"line":14,"column":88}},"8":{"start":{"line":15,"column":0},"end":{"line":15,"column":76}},"9":{"start":{"line":16,"column":0},"end":{"line":16,"column":67}},"10":{"start":{"line":18,"column":0},"end":{"line":18,"column":24}}},"fnMap":{},"branchMap":{},"s":{"0":1,"1":1,"2":1,"3":1,"4":1,"5":1,"6":1,"7":1,"8":1,"9":1,"10":1},"f":{},"b":{},"_coverageSchema":"1a1c01bbd47fc00a2c39e90264f33305004495a9","hash":"02ed2871a213690cc92e7b04e1520d892a51db00","contentHash":"3a0cbd16108f989e6cd9cd319bd0cf86c5130ce6bb7fe87b80ed16a2ccdfd2b7"},"C:\\Users\\hamma\\Desktop\\cohort-9-mern-14766-hammad\\backend\\src\\controllers\\auth.controller.js":{"path":"C:\\Users\\hamma\\Desktop\\cohort-9-mern-14766-hammad\\backend\\src\\controllers\\auth.controller.js","statementMap":{"0":{"start":{"line":1,"column":20},"end":{"line":1,"column":55}},"1":{"start":{"line":2,"column":21},"end":{"line":2,"column":53}},"2":{"start":{"line":4,"column":17},"end":{"line":13,"column":2}},"3":{"start":{"line":5,"column":36},"end":{"line":5,"column":44}},"4":{"start":{"line":6,"column":15},"end":{"line":6,"column":68}},"5":{"start":{"line":8,"column":2},"end":{"line":12,"column":5}},"6":{"start":{"line":15,"column":14},"end":{"line":24,"column":2}},"7":{"start":{"line":16,"column":30},"end":{"line":16,"column":38}},"8":{"start":{"line":17,"column":15},"end":{"line":17,"column":59}},"9":{"start":{"line":19,"column":2},"end":{"line":23,"column":5}},"10":{"start":{"line":27,"column":14},"end":{"line":33,"column":1}},"11":{"start":{"line":28,"column":2},"end":{"line":32,"column":5}},"12":{"start":{"line":35,"column":0},"end":{"line":35,"column":44}}},"fnMap":{"0":{"name":"(anonymous_0)","decl":{"start":{"line":4,"column":30},"end":{"line":4,"column":31}},"loc":{"start":{"line":4,"column":50},"end":{"line":13,"column":1}},"line":4},"1":{"name":"(anonymous_1)","decl":{"start":{"line":15,"column":27},"end":{"line":15,"column":28}},"loc":{"start":{"line":15,"column":47},"end":{"line":24,"column":1}},"line":15},"2":{"name":"(anonymous_2)","decl":{"start":{"line":27,"column":14},"end":{"line":27,"column":15}},"loc":{"start":{"line":27,"column":28},"end":{"line":33,"column":1}},"line":27}},"branchMap":{},"s":{"0":1,"1":1,"2":1,"3":10,"4":10,"5":6,"6":1,"7":9,"8":9,"9":4,"10":1,"11":4,"12":1},"f":{"0":10,"1":9,"2":4},"b":{},"_coverageSchema":"1a1c01bbd47fc00a2c39e90264f33305004495a9","hash":"56d4cbd4e4784a489748ecc80b789d59b5ab71ed","contentHash":"01b249e0505a1a0277c15d3d8ef030a74b2620088a75a9763f47b086df2ea8e3"},"C:\\Users\\hamma\\Desktop\\cohort-9-mern-14766-hammad\\backend\\src\\services\\auth.service.js":{"path":"C:\\Users\\hamma\\Desktop\\cohort-9-mern-14766-hammad\\backend\\src\\services\\auth.service.js","statementMap":{"0":{"start":{"line":1,"column":13},"end":{"line":1,"column":44}},"1":{"start":{"line":2,"column":17},"end":{"line":2,"column":45}},"2":{"start":{"line":3,"column":22},"end":{"line":3,"column":45}},"3":{"start":{"line":5,"column":17},"end":{"line":15,"column":1}},"4":{"start":{"line":8,"column":2},"end":{"line":10,"column":3}},"5":{"start":{"line":9,"column":4},"end":{"line":9,"column":73}},"6":{"start":{"line":12,"column":15},"end":{"line":12,"column":59}},"7":{"start":{"line":14,"column":2},"end":{"line":14,"column":57}},"8":{"start":{"line":17,"column":14},"end":{"line":27,"column":1}},"9":{"start":{"line":18,"column":15},"end":{"line":18,"column":64}},"10":{"start":{"line":22,"column":2},"end":{"line":24,"column":3}},"11":{"start":{"line":23,"column":4},"end":{"line":23,"column":57}},"12":{"start":{"line":26,"column":2},"end":{"line":26,"column":57}},"13":{"start":{"line":29,"column":0},"end":{"line":29,"column":37}}},"fnMap":{"0":{"name":"(anonymous_0)","decl":{"start":{"line":5,"column":17},"end":{"line":5,"column":18}},"loc":{"start":{"line":5,"column":54},"end":{"line":15,"column":1}},"line":5},"1":{"name":"(anonymous_1)","decl":{"start":{"line":17,"column":14},"end":{"line":17,"column":15}},"loc":{"start":{"line":17,"column":45},"end":{"line":27,"column":1}},"line":17}},"branchMap":{"0":{"loc":{"start":{"line":8,"column":2},"end":{"line":10,"column":3}},"type":"if","locations":[{"start":{"line":8,"column":2},"end":{"line":10,"column":3}},{"start":{},"end":{}}],"line":8},"1":{"loc":{"start":{"line":22,"column":2},"end":{"line":24,"column":3}},"type":"if","locations":[{"start":{"line":22,"column":2},"end":{"line":24,"column":3}},{"start":{},"end":{}}],"line":22},"2":{"loc":{"start":{"line":22,"column":6},"end":{"line":22,"column":54}},"type":"binary-expr","locations":[{"start":{"line":22,"column":6},"end":{"line":22,"column":11}},{"start":{"line":22,"column":15},"end":{"line":22,"column":54}}],"line":22}},"s":{"0":1,"1":1,"2":1,"3":1,"4":13,"5":2,"6":10,"7":8,"8":1,"9":14,"10":14,"11":9,"12":5,"13":1},"f":{"0":13,"1":14},"b":{"0":[2,10],"1":[9,5],"2":[14,10]},"_coverageSchema":"1a1c01bbd47fc00a2c39e90264f33305004495a9","hash":"dd357486a6acc967967d2495cc42eed314cc41f1","contentHash":"f495b987b8daac3c5b0106e5d3c47d48cb37621387edad2be19bf4e3881af39a"},"C:\\Users\\hamma\\Desktop\\cohort-9-mern-14766-hammad\\backend\\src\\models\\user.model.js":{"path":"C:\\Users\\hamma\\Desktop\\cohort-9-mern-14766-hammad\\backend\\src\\models\\user.model.js","statementMap":{"0":{"start":{"line":1,"column":17},"end":{"line":1,"column":36}},"1":{"start":{"line":2,"column":15},"end":{"line":2,"column":34}},"2":{"start":{"line":4,"column":23},"end":{"line":4,"column":47}},"3":{"start":{"line":6,"column":19},"end":{"line":38,"column":1}},"4":{"start":{"line":41,"column":0},"end":{"line":44,"column":3}},"5":{"start":{"line":42,"column":2},"end":{"line":42,"column":43}},"6":{"start":{"line":42,"column":36},"end":{"line":42,"column":43}},"7":{"start":{"line":43,"column":2},"end":{"line":43,"column":63}},"8":{"start":{"line":46,"column":0},"end":{"line":48,"column":2}},"9":{"start":{"line":47,"column":2},"end":{"line":47,"column":50}},"10":{"start":{"line":50,"column":0},"end":{"line":58,"column":3}},"11":{"start":{"line":53,"column":4},"end":{"line":53,"column":21}},"12":{"start":{"line":54,"column":4},"end":{"line":54,"column":19}},"13":{"start":{"line":55,"column":4},"end":{"line":55,"column":24}},"14":{"start":{"line":56,"column":4},"end":{"line":56,"column":15}},"15":{"start":{"line":60,"column":0},"end":{"line":60,"column":52}}},"fnMap":{"0":{"name":"(anonymous_0)","decl":{"start":{"line":41,"column":23},"end":{"line":41,"column":24}},"loc":{"start":{"line":41,"column":41},"end":{"line":44,"column":1}},"line":41},"1":{"name":"(anonymous_1)","decl":{"start":{"line":46,"column":37},"end":{"line":46,"column":38}},"loc":{"start":{"line":46,"column":58},"end":{"line":48,"column":1}},"line":46},"2":{"name":"(anonymous_2)","decl":{"start":{"line":52,"column":13},"end":{"line":52,"column":14}},"loc":{"start":{"line":52,"column":27},"end":{"line":57,"column":3}},"line":52}},"branchMap":{"0":{"loc":{"start":{"line":42,"column":2},"end":{"line":42,"column":43}},"type":"if","locations":[{"start":{"line":42,"column":2},"end":{"line":42,"column":43}},{"start":{},"end":{}}],"line":42}},"s":{"0":1,"1":1,"2":1,"3":1,"4":1,"5":7,"6":1,"7":6,"8":1,"9":6,"10":1,"11":5,"12":5,"13":5,"14":5,"15":1},"f":{"0":7,"1":6,"2":5},"b":{"0":[1,6]},"_coverageSchema":"1a1c01bbd47fc00a2c39e90264f33305004495a9","hash":"91562832733cb7190de92726d4135e354442054c","contentHash":"3777563f2f9cfcbaaa2b5db06d349a8e792ceadf9db0e7d5da4bdb2f2893c249"},"C:\\Users\\hamma\\Desktop\\cohort-9-mern-14766-hammad\\backend\\src\\utils\\ApiError.js":{"path":"C:\\Users\\hamma\\Desktop\\cohort-9-mern-14766-hammad\\backend\\src\\utils\\ApiError.js","statementMap":{"0":{"start":{"line":3,"column":4},"end":{"line":3,"column":19}},"1":{"start":{"line":4,"column":4},"end":{"line":4,"column":33}},"2":{"start":{"line":5,"column":4},"end":{"line":5,"column":37}},"3":{"start":{"line":5,"column":16},"end":{"line":5,"column":37}},"4":{"start":{"line":6,"column":4},"end":{"line":6,"column":52}},"5":{"start":{"line":10,"column":0},"end":{"line":10,"column":26}}},"fnMap":{"0":{"name":"(anonymous_0)","decl":{"start":{"line":2,"column":2},"end":{"line":2,"column":3}},"loc":{"start":{"line":2,"column":43},"end":{"line":7,"column":3}},"line":2}},"branchMap":{"0":{"loc":{"start":{"line":5,"column":4},"end":{"line":5,"column":37}},"type":"if","locations":[{"start":{"line":5,"column":4},"end":{"line":5,"column":37}},{"start":{},"end":{}}],"line":5}},"s":{"0":123,"1":123,"2":123,"3":27,"4":123,"5":1},"f":{"0":123},"b":{"0":[27,96]},"_coverageSchema":"1a1c01bbd47fc00a2c39e90264f33305004495a9","hash":"e1f2352e438a3df4eec97004e28168ce00e4e196","contentHash":"fdeeaf48c271f5b479855476ca6c4854a5cce2430e0199c81fcfc23368af44dd"},"C:\\Users\\hamma\\Desktop\\cohort-9-mern-14766-hammad\\backend\\src\\utils\\jwt.js":{"path":"C:\\Users\\hamma\\Desktop\\cohort-9-mern-14766-hammad\\backend\\src\\utils\\jwt.js","statementMap":{"0":{"start":{"line":1,"column":12},"end":{"line":1,"column":35}},"1":{"start":{"line":3,"column":36},"end":{"line":3,"column":60}},"2":{"start":{"line":7,"column":18},"end":{"line":10,"column":4}},"3":{"start":{"line":8,"column":2},"end":{"line":10,"column":4}},"4":{"start":{"line":12,"column":20},"end":{"line":12,"column":59}},"5":{"start":{"line":12,"column":31},"end":{"line":12,"column":59}},"6":{"start":{"line":14,"column":0},"end":{"line":14,"column":44}}},"fnMap":{"0":{"name":"(anonymous_0)","decl":{"start":{"line":7,"column":18},"end":{"line":7,"column":19}},"loc":{"start":{"line":8,"column":2},"end":{"line":10,"column":4}},"line":8},"1":{"name":"(anonymous_1)","decl":{"start":{"line":12,"column":20},"end":{"line":12,"column":21}},"loc":{"start":{"line":12,"column":31},"end":{"line":12,"column":59}},"line":12}},"branchMap":{},"s":{"0":1,"1":1,"2":1,"3":64,"4":1,"5":56,"6":1},"f":{"0":64,"1":56},"b":{},"_coverageSchema":"1a1c01bbd47fc00a2c39e90264f33305004495a9","hash":"33daa21e6db58802462d4bba21fd750637f960b3","contentHash":"8dbd577c07b39ed79c862d7103c9ced3f7b40c0f61cc4a3e4ea048c256b9daaa"},"C:\\Users\\hamma\\Desktop\\cohort-9-mern-14766-hammad\\backend\\src\\utils\\asyncHandler.js":{"path":"C:\\Users\\hamma\\Desktop\\cohort-9-mern-14766-hammad\\backend\\src\\utils\\asyncHandler.js","statementMap":{"0":{"start":{"line":3,"column":21},"end":{"line":5,"column":1}},"1":{"start":{"line":3,"column":29},"end":{"line":5,"column":1}},"2":{"start":{"line":4,"column":2},"end":{"line":4,"column":50}},"3":{"start":{"line":7,"column":0},"end":{"line":7,"column":30}}},"fnMap":{"0":{"name":"(anonymous_0)","decl":{"start":{"line":3,"column":21},"end":{"line":3,"column":22}},"loc":{"start":{"line":3,"column":29},"end":{"line":5,"column":1}},"line":3},"1":{"name":"(anonymous_1)","decl":{"start":{"line":3,"column":29},"end":{"line":3,"column":30}},"loc":{"start":{"line":3,"column":49},"end":{"line":5,"column":1}},"line":3}},"branchMap":{},"s":{"0":1,"1":14,"2":141,"3":1},"f":{"0":14,"1":141},"b":{},"_coverageSchema":"1a1c01bbd47fc00a2c39e90264f33305004495a9","hash":"ffc2562d8398ed892b03daef57f0c6511b5bb09b","contentHash":"74930bb7b5564f6248009e68666b55a580f70a179a1bbadc4f3d19d92c3c35fd"},"C:\\Users\\hamma\\Desktop\\cohort-9-mern-14766-hammad\\backend\\src\\middleware\\validate.js":{"path":"C:\\Users\\hamma\\Desktop\\cohort-9-mern-14766-hammad\\backend\\src\\middleware\\validate.js","statementMap":{"0":{"start":{"line":1,"column":29},"end":{"line":1,"column":57}},"1":{"start":{"line":3,"column":17},"end":{"line":3,"column":45}},"2":{"start":{"line":6,"column":0},"end":{"line":12,"column":2}},"3":{"start":{"line":7,"column":17},"end":{"line":7,"column":38}},"4":{"start":{"line":8,"column":2},"end":{"line":8,"column":38}},"5":{"start":{"line":8,"column":24},"end":{"line":8,"column":38}},"6":{"start":{"line":10,"column":17},"end":{"line":10,"column":79}},"7":{"start":{"line":10,"column":44},"end":{"line":10,"column":77}},"8":{"start":{"line":11,"column":2},"end":{"line":11,"column":55}}},"fnMap":{"0":{"name":"(anonymous_0)","decl":{"start":{"line":6,"column":17},"end":{"line":6,"column":18}},"loc":{"start":{"line":6,"column":37},"end":{"line":12,"column":1}},"line":6},"1":{"name":"(anonymous_1)","decl":{"start":{"line":10,"column":36},"end":{"line":10,"column":37}},"loc":{"start":{"line":10,"column":44},"end":{"line":10,"column":77}},"line":10}},"branchMap":{"0":{"loc":{"start":{"line":8,"column":2},"end":{"line":8,"column":38}},"type":"if","locations":[{"start":{"line":8,"column":2},"end":{"line":8,"column":38}},{"start":{},"end":{}}],"line":8}},"s":{"0":1,"1":1,"2":1,"3":58,"4":58,"5":36,"6":22,"7":27,"8":22},"f":{"0":58,"1":27},"b":{"0":[36,22]},"_coverageSchema":"1a1c01bbd47fc00a2c39e90264f33305004495a9","hash":"34e80b01a14c9e532d6dc33c2be6580528bd1784","contentHash":"7698331fcb15009fcdaef247a5797d2134e0f5015e68ad740bc5338b151f8ca6"},"C:\\Users\\hamma\\Desktop\\cohort-9-mern-14766-hammad\\backend\\src\\middleware\\audit.middleware.js":{"path":"C:\\Users\\hamma\\Desktop\\cohort-9-mern-14766-hammad\\backend\\src\\middleware\\audit.middleware.js","statementMap":{"0":{"start":{"line":1,"column":24},"end":{"line":1,"column":54}},"1":{"start":{"line":6,"column":23},"end":{"line":16,"column":1}},"2":{"start":{"line":7,"column":2},"end":{"line":7,"column":56}},"3":{"start":{"line":7,"column":35},"end":{"line":7,"column":56}},"4":{"start":{"line":9,"column":15},"end":{"line":9,"column":32}},"5":{"start":{"line":10,"column":2},"end":{"line":10,"column":58}},"6":{"start":{"line":10,"column":41},"end":{"line":10,"column":58}},"7":{"start":{"line":12,"column":17},"end":{"line":14,"column":3}},"8":{"start":{"line":13,"column":15},"end":{"line":13,"column":61}},"9":{"start":{"line":15,"column":2},"end":{"line":15,"column":48}},"10":{"start":{"line":26,"column":14},"end":{"line":60,"column":1}},"11":{"start":{"line":26,"column":26},"end":{"line":60,"column":1}},"12":{"start":{"line":27,"column":20},"end":{"line":27,"column":43}},"13":{"start":{"line":31,"column":19},"end":{"line":31,"column":37}},"14":{"start":{"line":33,"column":2},"end":{"line":36,"column":4}},"15":{"start":{"line":34,"column":4},"end":{"line":34,"column":19}},"16":{"start":{"line":35,"column":4},"end":{"line":35,"column":29}},"17":{"start":{"line":38,"column":2},"end":{"line":57,"column":5}},"18":{"start":{"line":39,"column":23},"end":{"line":39,"column":72}},"19":{"start":{"line":40,"column":22},"end":{"line":40,"column":42}},"20":{"start":{"line":41,"column":23},"end":{"line":41,"column":48}},"21":{"start":{"line":43,"column":4},"end":{"line":56,"column":6}},"22":{"start":{"line":59,"column":2},"end":{"line":59,"column":9}},"23":{"start":{"line":62,"column":0},"end":{"line":62,"column":23}}},"fnMap":{"0":{"name":"(anonymous_0)","decl":{"start":{"line":6,"column":23},"end":{"line":6,"column":24}},"loc":{"start":{"line":6,"column":38},"end":{"line":16,"column":1}},"line":6},"1":{"name":"(anonymous_1)","decl":{"start":{"line":13,"column":4},"end":{"line":13,"column":5}},"loc":{"start":{"line":13,"column":15},"end":{"line":13,"column":61}},"line":13},"2":{"name":"(anonymous_2)","decl":{"start":{"line":26,"column":14},"end":{"line":26,"column":15}},"loc":{"start":{"line":26,"column":26},"end":{"line":60,"column":1}},"line":26},"3":{"name":"(anonymous_3)","decl":{"start":{"line":26,"column":26},"end":{"line":26,"column":27}},"loc":{"start":{"line":26,"column":46},"end":{"line":60,"column":1}},"line":26},"4":{"name":"(anonymous_4)","decl":{"start":{"line":33,"column":13},"end":{"line":33,"column":14}},"loc":{"start":{"line":33,"column":26},"end":{"line":36,"column":3}},"line":33},"5":{"name":"(anonymous_5)","decl":{"start":{"line":38,"column":19},"end":{"line":38,"column":20}},"loc":{"start":{"line":38,"column":25},"end":{"line":57,"column":3}},"line":38}},"branchMap":{"0":{"loc":{"start":{"line":7,"column":2},"end":{"line":7,"column":56}},"type":"if","locations":[{"start":{"line":7,"column":2},"end":{"line":7,"column":56}},{"start":{},"end":{}}],"line":7},"1":{"loc":{"start":{"line":7,"column":6},"end":{"line":7,"column":33}},"type":"binary-expr","locations":[{"start":{"line":7,"column":6},"end":{"line":7,"column":16}},{"start":{"line":7,"column":20},"end":{"line":7,"column":33}}],"line":7},"2":{"loc":{"start":{"line":9,"column":15},"end":{"line":9,"column":32}},"type":"binary-expr","locations":[{"start":{"line":9,"column":15},"end":{"line":9,"column":19}},{"start":{"line":9,"column":23},"end":{"line":9,"column":32}}],"line":9},"3":{"loc":{"start":{"line":10,"column":2},"end":{"line":10,"column":58}},"type":"if","locations":[{"start":{"line":10,"column":2},"end":{"line":10,"column":58}},{"start":{},"end":{}}],"line":10},"4":{"loc":{"start":{"line":10,"column":6},"end":{"line":10,"column":39}},"type":"binary-expr","locations":[{"start":{"line":10,"column":6},"end":{"line":10,"column":11}},{"start":{"line":10,"column":15},"end":{"line":10,"column":39}}],"line":10},"5":{"loc":{"start":{"line":13,"column":15},"end":{"line":13,"column":61}},"type":"binary-expr","locations":[{"start":{"line":13,"column":15},"end":{"line":13,"column":20}},{"start":{"line":13,"column":24},"end":{"line":13,"column":49}},{"start":{"line":13,"column":53},"end":{"line":13,"column":61}}],"line":13},"6":{"loc":{"start":{"line":15,"column":9},"end":{"line":15,"column":47}},"type":"cond-expr","locations":[{"start":{"line":15,"column":18},"end":{"line":15,"column":35}},{"start":{"line":15,"column":38},"end":{"line":15,"column":47}}],"line":15},"7":{"loc":{"start":{"line":46,"column":17},"end":{"line":46,"column":50}},"type":"cond-expr","locations":[{"start":{"line":46,"column":29},"end":{"line":46,"column":38}},{"start":{"line":46,"column":41},"end":{"line":46,"column":50}}],"line":46},"8":{"loc":{"start":{"line":50,"column":16},"end":{"line":50,"column":59}},"type":"cond-expr","locations":[{"start":{"line":50,"column":27},"end":{"line":50,"column":46}},{"start":{"line":50,"column":49},"end":{"line":50,"column":59}}],"line":50},"9":{"loc":{"start":{"line":55,"column":19},"end":{"line":55,"column":53}},"type":"cond-expr","locations":[{"start":{"line":55,"column":31},"end":{"line":55,"column":42}},{"start":{"line":55,"column":45},"end":{"line":55,"column":53}}],"line":55}},"s":{"0":1,"1":1,"2":76,"3":8,"4":68,"5":68,"6":49,"7":19,"8":23,"9":19,"10":1,"11":26,"12":77,"13":77,"14":77,"15":67,"16":67,"17":77,"18":76,"19":76,"20":76,"21":76,"22":77,"23":1},"f":{"0":76,"1":23,"2":26,"3":77,"4":67,"5":76},"b":{"0":[8,68],"1":[76,76],"2":[68,61],"3":[49,19],"4":[68,20],"5":[23,20,19],"6":[14,5],"7":[33,43],"8":[36,40],"9":[33,43]},"_coverageSchema":"1a1c01bbd47fc00a2c39e90264f33305004495a9","hash":"d21171708c6dc5a956f40f47178dffd292695b9a","contentHash":"7df457576603084e3daab89d0905841eab3f7e8a860164e2c5a115438eea9b15"},"C:\\Users\\hamma\\Desktop\\cohort-9-mern-14766-hammad\\backend\\src\\middleware\\logger.middleware.js":{"path":"C:\\Users\\hamma\\Desktop\\cohort-9-mern-14766-hammad\\backend\\src\\middleware\\logger.middleware.js","statementMap":{"0":{"start":{"line":1,"column":23},"end":{"line":1,"column":40}},"1":{"start":{"line":2,"column":17},"end":{"line":2,"column":37}},"2":{"start":{"line":4,"column":15},"end":{"line":4,"column":42}},"3":{"start":{"line":8,"column":20},"end":{"line":8,"column":47}},"4":{"start":{"line":11,"column":20},"end":{"line":15,"column":1}},"5":{"start":{"line":12,"column":2},"end":{"line":12,"column":40}},"6":{"start":{"line":12,"column":25},"end":{"line":12,"column":40}},"7":{"start":{"line":13,"column":2},"end":{"line":13,"column":39}},"8":{"start":{"line":13,"column":25},"end":{"line":13,"column":39}},"9":{"start":{"line":14,"column":2},"end":{"line":14,"column":16}},"10":{"start":{"line":17,"column":19},"end":{"line":52,"column":2}},"11":{"start":{"line":23,"column":21},"end":{"line":23,"column":48}},"12":{"start":{"line":24,"column":15},"end":{"line":24,"column":39}},"13":{"start":{"line":25,"column":4},"end":{"line":25,"column":38}},"14":{"start":{"line":26,"column":4},"end":{"line":26,"column":14}},"15":{"start":{"line":30,"column":4},"end":{"line":30,"column":28}},"16":{"start":{"line":30,"column":13},"end":{"line":30,"column":28}},"17":{"start":{"line":31,"column":4},"end":{"line":31,"column":39}},"18":{"start":{"line":37,"column":34},"end":{"line":37,"column":64}},"19":{"start":{"line":39,"column":4},"end":{"line":39,"column":52}},"20":{"start":{"line":41,"column":4},"end":{"line":41,"column":67}},"21":{"start":{"line":45,"column":25},"end":{"line":47,"column":3}},"22":{"start":{"line":50,"column":21},"end":{"line":50,"column":64}},"23":{"start":{"line":54,"column":0},"end":{"line":54,"column":45}}},"fnMap":{"0":{"name":"(anonymous_0)","decl":{"start":{"line":11,"column":20},"end":{"line":11,"column":21}},"loc":{"start":{"line":11,"column":36},"end":{"line":15,"column":1}},"line":11},"1":{"name":"(anonymous_1)","decl":{"start":{"line":22,"column":12},"end":{"line":22,"column":13}},"loc":{"start":{"line":22,"column":26},"end":{"line":27,"column":3}},"line":22},"2":{"name":"(anonymous_2)","decl":{"start":{"line":29,"column":18},"end":{"line":29,"column":19}},"loc":{"start":{"line":29,"column":37},"end":{"line":32,"column":3}},"line":29},"3":{"name":"(anonymous_3)","decl":{"start":{"line":37,"column":25},"end":{"line":37,"column":26}},"loc":{"start":{"line":37,"column":34},"end":{"line":37,"column":64}},"line":37},"4":{"name":"(anonymous_4)","decl":{"start":{"line":38,"column":24},"end":{"line":38,"column":25}},"loc":{"start":{"line":39,"column":4},"end":{"line":39,"column":52}},"line":39},"5":{"name":"(anonymous_5)","decl":{"start":{"line":40,"column":22},"end":{"line":40,"column":23}},"loc":{"start":{"line":41,"column":4},"end":{"line":41,"column":67}},"line":41},"6":{"name":"(anonymous_6)","decl":{"start":{"line":45,"column":15},"end":{"line":45,"column":16}},"loc":{"start":{"line":45,"column":25},"end":{"line":47,"column":3}},"line":45},"7":{"name":"(anonymous_7)","decl":{"start":{"line":50,"column":12},"end":{"line":50,"column":13}},"loc":{"start":{"line":50,"column":21},"end":{"line":50,"column":64}},"line":50}},"branchMap":{"0":{"loc":{"start":{"line":12,"column":2},"end":{"line":12,"column":40}},"type":"if","locations":[{"start":{"line":12,"column":2},"end":{"line":12,"column":40}},{"start":{},"end":{}}],"line":12},"1":{"loc":{"start":{"line":13,"column":2},"end":{"line":13,"column":39}},"type":"if","locations":[{"start":{"line":13,"column":2},"end":{"line":13,"column":39}},{"start":{},"end":{}}],"line":13},"2":{"loc":{"start":{"line":24,"column":15},"end":{"line":24,"column":39}},"type":"binary-expr","locations":[{"start":{"line":24,"column":15},"end":{"line":24,"column":23}},{"start":{"line":24,"column":27},"end":{"line":24,"column":39}}],"line":24},"3":{"loc":{"start":{"line":30,"column":4},"end":{"line":30,"column":28}},"type":"if","locations":[{"start":{"line":30,"column":4},"end":{"line":30,"column":28}},{"start":{},"end":{}}],"line":30},"4":{"loc":{"start":{"line":46,"column":12},"end":{"line":46,"column":54}},"type":"cond-expr","locations":[{"start":{"line":46,"column":23},"end":{"line":46,"column":42}},{"start":{"line":46,"column":45},"end":{"line":46,"column":54}}],"line":46},"5":{"loc":{"start":{"line":50,"column":37},"end":{"line":50,"column":63}},"type":"binary-expr","locations":[{"start":{"line":50,"column":37},"end":{"line":50,"column":52}},{"start":{"line":50,"column":56},"end":{"line":50,"column":63}}],"line":50}},"s":{"0":1,"1":1,"2":1,"3":1,"4":1,"5":253,"6":6,"7":247,"8":106,"9":141,"10":1,"11":87,"12":87,"13":87,"14":87,"15":168,"16":0,"17":168,"18":84,"19":83,"20":1,"21":171,"22":87,"23":1},"f":{"0":253,"1":87,"2":168,"3":84,"4":83,"5":1,"6":171,"7":87},"b":{"0":[6,247],"1":[106,141],"2":[87,86],"3":[0,168],"4":[35,136],"5":[87,0]},"_coverageSchema":"1a1c01bbd47fc00a2c39e90264f33305004495a9","hash":"338fce91e9b4a4a0b7a0e92a06ccf7dd6cccd697","contentHash":"d31ba87c366f9cdbae6f58f296b6ca33451add0ce4274cd1534db327bee6f2c3"},"C:\\Users\\hamma\\Desktop\\cohort-9-mern-14766-hammad\\backend\\src\\config\\logger.js":{"path":"C:\\Users\\hamma\\Desktop\\cohort-9-mern-14766-hammad\\backend\\src\\config\\logger.js","statementMap":{"0":{"start":{"line":1,"column":13},"end":{"line":1,"column":28}},"1":{"start":{"line":3,"column":44},"end":{"line":3,"column":60}},"2":{"start":{"line":9,"column":20},"end":{"line":21,"column":1}},"3":{"start":{"line":25,"column":20},"end":{"line":37,"column":1}},"4":{"start":{"line":26,"column":17},"end":{"line":32,"column":3}},"5":{"start":{"line":33,"column":17},"end":{"line":35,"column":3}},"6":{"start":{"line":42,"column":24},"end":{"line":50,"column":1}},"7":{"start":{"line":43,"column":2},"end":{"line":49,"column":3}},"8":{"start":{"line":44,"column":4},"end":{"line":44,"column":35}},"9":{"start":{"line":45,"column":4},"end":{"line":45,"column":16}},"10":{"start":{"line":48,"column":4},"end":{"line":48,"column":17}},"11":{"start":{"line":53,"column":2},"end":{"line":63,"column":7}},"12":{"start":{"line":65,"column":15},"end":{"line":78,"column":2}},"13":{"start":{"line":72,"column":23},"end":{"line":72,"column":39}},"14":{"start":{"line":80,"column":0},"end":{"line":80,"column":24}}},"fnMap":{"0":{"name":"(anonymous_0)","decl":{"start":{"line":26,"column":7},"end":{"line":26,"column":8}},"loc":{"start":{"line":26,"column":17},"end":{"line":32,"column":3}},"line":26},"1":{"name":"(anonymous_1)","decl":{"start":{"line":33,"column":7},"end":{"line":33,"column":8}},"loc":{"start":{"line":33,"column":17},"end":{"line":35,"column":3}},"line":33},"2":{"name":"(anonymous_2)","decl":{"start":{"line":42,"column":24},"end":{"line":42,"column":25}},"loc":{"start":{"line":42,"column":30},"end":{"line":50,"column":1}},"line":42},"3":{"name":"(anonymous_3)","decl":{"start":{"line":72,"column":11},"end":{"line":72,"column":12}},"loc":{"start":{"line":72,"column":23},"end":{"line":72,"column":39}},"line":72}},"branchMap":{"0":{"loc":{"start":{"line":31,"column":15},"end":{"line":31,"column":55}},"type":"binary-expr","locations":[{"start":{"line":31,"column":15},"end":{"line":31,"column":26}},{"start":{"line":31,"column":30},"end":{"line":31,"column":55}}],"line":31},"1":{"loc":{"start":{"line":53,"column":2},"end":{"line":63,"column":7}},"type":"cond-expr","locations":[{"start":{"line":54,"column":6},"end":{"line":54,"column":15}},{"start":{"line":55,"column":6},"end":{"line":63,"column":7}}],"line":53},"2":{"loc":{"start":{"line":53,"column":2},"end":{"line":53,"column":36}},"type":"binary-expr","locations":[{"start":{"line":53,"column":2},"end":{"line":53,"column":14}},{"start":{"line":53,"column":18},"end":{"line":53,"column":36}}],"line":53}},"s":{"0":1,"1":1,"2":1,"3":1,"4":0,"5":0,"6":1,"7":1,"8":1,"9":1,"10":0,"11":1,"12":1,"13":6,"14":1},"f":{"0":0,"1":0,"2":1,"3":6},"b":{"0":[0,0],"1":[0,1],"2":[1,1]},"_coverageSchema":"1a1c01bbd47fc00a2c39e90264f33305004495a9","hash":"a150c413c630eb3388743d95f9ffff07fcff9a74","contentHash":"ed36c80249e8b9e38857ae8b70df9137ed74112e1cddf303e400bab23fca8404"},"C:\\Users\\hamma\\Desktop\\cohort-9-mern-14766-hammad\\backend\\src\\middleware\\auth.middleware.js":{"path":"C:\\Users\\hamma\\Desktop\\cohort-9-mern-14766-hammad\\backend\\src\\middleware\\auth.middleware.js","statementMap":{"0":{"start":{"line":1,"column":12},"end":{"line":1,"column":35}},"1":{"start":{"line":3,"column":13},"end":{"line":3,"column":44}},"2":{"start":{"line":4,"column":17},"end":{"line":4,"column":45}},"3":{"start":{"line":5,"column":21},"end":{"line":5,"column":53}},"4":{"start":{"line":6,"column":24},"end":{"line":6,"column":47}},"5":{"start":{"line":8,"column":21},"end":{"line":42,"column":2}},"6":{"start":{"line":9,"column":17},"end":{"line":9,"column":48}},"7":{"start":{"line":10,"column":26},"end":{"line":10,"column":43}},"8":{"start":{"line":12,"column":2},"end":{"line":14,"column":3}},"9":{"start":{"line":13,"column":4},"end":{"line":13,"column":55}},"10":{"start":{"line":17,"column":2},"end":{"line":24,"column":3}},"11":{"start":{"line":18,"column":4},"end":{"line":18,"column":33}},"12":{"start":{"line":20,"column":4},"end":{"line":22,"column":5}},"13":{"start":{"line":21,"column":6},"end":{"line":21,"column":72}},"14":{"start":{"line":23,"column":4},"end":{"line":23,"column":60}},"15":{"start":{"line":28,"column":15},"end":{"line":28,"column":47}},"16":{"start":{"line":29,"column":2},"end":{"line":29,"column":67}},"17":{"start":{"line":29,"column":13},"end":{"line":29,"column":67}},"18":{"start":{"line":31,"column":2},"end":{"line":31,"column":18}},"19":{"start":{"line":36,"column":2},"end":{"line":39,"column":4}},"20":{"start":{"line":41,"column":2},"end":{"line":41,"column":9}},"21":{"start":{"line":45,"column":2},"end":{"line":56,"column":3}},"22":{"start":{"line":46,"column":2},"end":{"line":56,"column":3}},"23":{"start":{"line":50,"column":4},"end":{"line":50,"column":77}},"24":{"start":{"line":50,"column":19},"end":{"line":50,"column":77}},"25":{"start":{"line":52,"column":4},"end":{"line":54,"column":5}},"26":{"start":{"line":53,"column":6},"end":{"line":53,"column":78}},"27":{"start":{"line":55,"column":4},"end":{"line":55,"column":11}},"28":{"start":{"line":58,"column":0},"end":{"line":58,"column":45}}},"fnMap":{"0":{"name":"(anonymous_0)","decl":{"start":{"line":8,"column":34},"end":{"line":8,"column":35}},"loc":{"start":{"line":8,"column":60},"end":{"line":42,"column":1}},"line":8},"1":{"name":"(anonymous_1)","decl":{"start":{"line":45,"column":2},"end":{"line":45,"column":3}},"loc":{"start":{"line":46,"column":2},"end":{"line":56,"column":3}},"line":46},"2":{"name":"(anonymous_2)","decl":{"start":{"line":46,"column":2},"end":{"line":46,"column":3}},"loc":{"start":{"line":46,"column":22},"end":{"line":56,"column":3}},"line":46}},"branchMap":{"0":{"loc":{"start":{"line":9,"column":17},"end":{"line":9,"column":48}},"type":"binary-expr","locations":[{"start":{"line":9,"column":17},"end":{"line":9,"column":42}},{"start":{"line":9,"column":46},"end":{"line":9,"column":48}}],"line":9},"1":{"loc":{"start":{"line":12,"column":2},"end":{"line":14,"column":3}},"type":"if","locations":[{"start":{"line":12,"column":2},"end":{"line":14,"column":3}},{"start":{},"end":{}}],"line":12},"2":{"loc":{"start":{"line":12,"column":6},"end":{"line":12,"column":41}},"type":"binary-expr","locations":[{"start":{"line":12,"column":6},"end":{"line":12,"column":31}},{"start":{"line":12,"column":35},"end":{"line":12,"column":41}}],"line":12},"3":{"loc":{"start":{"line":20,"column":4},"end":{"line":22,"column":5}},"type":"if","locations":[{"start":{"line":20,"column":4},"end":{"line":22,"column":5}},{"start":{},"end":{}}],"line":20},"4":{"loc":{"start":{"line":29,"column":2},"end":{"line":29,"column":67}},"type":"if","locations":[{"start":{"line":29,"column":2},"end":{"line":29,"column":67}},{"start":{},"end":{}}],"line":29},"5":{"loc":{"start":{"line":50,"column":4},"end":{"line":50,"column":77}},"type":"if","locations":[{"start":{"line":50,"column":4},"end":{"line":50,"column":77}},{"start":{},"end":{}}],"line":50},"6":{"loc":{"start":{"line":52,"column":4},"end":{"line":54,"column":5}},"type":"if","locations":[{"start":{"line":52,"column":4},"end":{"line":54,"column":5}},{"start":{},"end":{}}],"line":52}},"s":{"0":1,"1":1,"2":1,"3":1,"4":1,"5":1,"6":75,"7":75,"8":75,"9":24,"10":51,"11":51,"12":9,"13":2,"14":7,"15":42,"16":41,"17":2,"18":39,"19":39,"20":39,"21":1,"22":6,"23":6,"24":1,"25":5,"26":3,"27":2,"28":1},"f":{"0":75,"1":6,"2":6},"b":{"0":[75,15],"1":[24,51],"2":[75,55],"3":[2,7],"4":[2,39],"5":[1,5],"6":[3,2]},"_coverageSchema":"1a1c01bbd47fc00a2c39e90264f33305004495a9","hash":"c6f0024fefe75ffb1f392e8f03eb4c808a02a137","contentHash":"39def729f0d4b0e6a02a29ceaa626bbb5f124289ae4084f67282bf2431f9cce0"},"C:\\Users\\hamma\\Desktop\\cohort-9-mern-14766-hammad\\backend\\src\\validators\\auth.validator.js":{"path":"C:\\Users\\hamma\\Desktop\\cohort-9-mern-14766-hammad\\backend\\src\\validators\\auth.validator.js","statementMap":{"0":{"start":{"line":1,"column":17},"end":{"line":1,"column":45}},"1":{"start":{"line":5,"column":21},"end":{"line":5,"column":23}},"2":{"start":{"line":7,"column":26},"end":{"line":41,"column":1}},"3":{"start":{"line":44,"column":23},"end":{"line":56,"column":1}},"4":{"start":{"line":58,"column":0},"end":{"line":58,"column":55}}},"fnMap":{},"branchMap":{},"s":{"0":1,"1":1,"2":1,"3":1,"4":1},"f":{},"b":{},"_coverageSchema":"1a1c01bbd47fc00a2c39e90264f33305004495a9","hash":"e6fb760af71a13893e0739a6481d78cbdb5e32a6","contentHash":"df81d9e3d81e94b71c1576d9c0a71660b25883438fd31c68b91b69e0ad0b7203"},"C:\\Users\\hamma\\Desktop\\cohort-9-mern-14766-hammad\\backend\\src\\routes\\note.routes.js":{"path":"C:\\Users\\hamma\\Desktop\\cohort-9-mern-14766-hammad\\backend\\src\\routes\\note.routes.js","statementMap":{"0":{"start":{"line":1,"column":16},"end":{"line":1,"column":34}},"1":{"start":{"line":9,"column":4},"end":{"line":9,"column":45}},"2":{"start":{"line":10,"column":17},"end":{"line":10,"column":50}},"3":{"start":{"line":11,"column":14},"end":{"line":11,"column":55}},"4":{"start":{"line":12,"column":25},"end":{"line":12,"column":65}},"5":{"start":{"line":17,"column":4},"end":{"line":17,"column":43}},"6":{"start":{"line":19,"column":15},"end":{"line":19,"column":31}},"7":{"start":{"line":22,"column":0},"end":{"line":22,"column":25}},"8":{"start":{"line":24,"column":0},"end":{"line":24,"column":82}},"9":{"start":{"line":25,"column":0},"end":{"line":25,"column":46}},"10":{"start":{"line":26,"column":0},"end":{"line":26,"column":75}},"11":{"start":{"line":27,"column":0},"end":{"line":27,"column":86}},"12":{"start":{"line":28,"column":0},"end":{"line":28,"column":83}},"13":{"start":{"line":30,"column":0},"end":{"line":30,"column":24}}},"fnMap":{},"branchMap":{},"s":{"0":1,"1":1,"2":1,"3":1,"4":1,"5":1,"6":1,"7":1,"8":1,"9":1,"10":1,"11":1,"12":1,"13":1},"f":{},"b":{},"_coverageSchema":"1a1c01bbd47fc00a2c39e90264f33305004495a9","hash":"d47db4d286f850e44a9094f3ec021b692e44365e","contentHash":"6f73e2a325d3cea8c6ad3191577d57e4090c14ff0b5107c5dc88e196cbbdc05d"},"C:\\Users\\hamma\\Desktop\\cohort-9-mern-14766-hammad\\backend\\src\\controllers\\note.controller.js":{"path":"C:\\Users\\hamma\\Desktop\\cohort-9-mern-14766-hammad\\backend\\src\\controllers\\note.controller.js","statementMap":{"0":{"start":{"line":1,"column":20},"end":{"line":1,"column":55}},"1":{"start":{"line":2,"column":21},"end":{"line":2,"column":53}},"2":{"start":{"line":4,"column":19},"end":{"line":17,"column":2}},"3":{"start":{"line":5,"column":29},"end":{"line":5,"column":37}},"4":{"start":{"line":6,"column":15},"end":{"line":10,"column":4}},"5":{"start":{"line":12,"column":2},"end":{"line":16,"column":5}},"6":{"start":{"line":19,"column":17},"end":{"line":27,"column":2}},"7":{"start":{"line":20,"column":15},"end":{"line":20,"column":66}},"8":{"start":{"line":22,"column":2},"end":{"line":26,"column":5}},"9":{"start":{"line":29,"column":16},"end":{"line":40,"column":2}},"10":{"start":{"line":30,"column":15},"end":{"line":33,"column":4}},"11":{"start":{"line":35,"column":2},"end":{"line":39,"column":5}},"12":{"start":{"line":42,"column":19},"end":{"line":56,"column":2}},"13":{"start":{"line":43,"column":29},"end":{"line":43,"column":37}},"14":{"start":{"line":44,"column":15},"end":{"line":49,"column":4}},"15":{"start":{"line":51,"column":2},"end":{"line":55,"column":5}},"16":{"start":{"line":58,"column":19},"end":{"line":65,"column":2}},"17":{"start":{"line":59,"column":2},"end":{"line":59,"column":75}},"18":{"start":{"line":61,"column":2},"end":{"line":64,"column":5}},"19":{"start":{"line":67,"column":0},"end":{"line":67,"column":75}}},"fnMap":{"0":{"name":"(anonymous_0)","decl":{"start":{"line":4,"column":32},"end":{"line":4,"column":33}},"loc":{"start":{"line":4,"column":52},"end":{"line":17,"column":1}},"line":4},"1":{"name":"(anonymous_1)","decl":{"start":{"line":19,"column":30},"end":{"line":19,"column":31}},"loc":{"start":{"line":19,"column":50},"end":{"line":27,"column":1}},"line":19},"2":{"name":"(anonymous_2)","decl":{"start":{"line":29,"column":29},"end":{"line":29,"column":30}},"loc":{"start":{"line":29,"column":49},"end":{"line":40,"column":1}},"line":29},"3":{"name":"(anonymous_3)","decl":{"start":{"line":42,"column":32},"end":{"line":42,"column":33}},"loc":{"start":{"line":42,"column":52},"end":{"line":56,"column":1}},"line":42},"4":{"name":"(anonymous_4)","decl":{"start":{"line":58,"column":32},"end":{"line":58,"column":33}},"loc":{"start":{"line":58,"column":52},"end":{"line":65,"column":1}},"line":58}},"branchMap":{},"s":{"0":1,"1":1,"2":1,"3":7,"4":7,"5":5,"6":1,"7":7,"8":6,"9":1,"10":9,"11":3,"12":1,"13":10,"14":10,"15":6,"16":1,"17":8,"18":4,"19":1},"f":{"0":7,"1":7,"2":9,"3":10,"4":8},"b":{},"_coverageSchema":"1a1c01bbd47fc00a2c39e90264f33305004495a9","hash":"cd02a791a0e3ceb5b6bcc023ade187afae8c069b","contentHash":"21baa664ae0aa7dc548c2fd09813396444e6c1a8c9fbb949920dafa49ad062c6"},"C:\\Users\\hamma\\Desktop\\cohort-9-mern-14766-hammad\\backend\\src\\services\\note.service.js":{"path":"C:\\Users\\hamma\\Desktop\\cohort-9-mern-14766-hammad\\backend\\src\\services\\note.service.js","statementMap":{"0":{"start":{"line":1,"column":13},"end":{"line":1,"column":44}},"1":{"start":{"line":2,"column":17},"end":{"line":2,"column":45}},"2":{"start":{"line":7,"column":18},"end":{"line":11,"column":1}},"3":{"start":{"line":8,"column":15},"end":{"line":8,"column":60}},"4":{"start":{"line":9,"column":2},"end":{"line":9,"column":55}},"5":{"start":{"line":9,"column":13},"end":{"line":9,"column":55}},"6":{"start":{"line":10,"column":2},"end":{"line":10,"column":14}},"7":{"start":{"line":13,"column":19},"end":{"line":16,"column":1}},"8":{"start":{"line":14,"column":15},"end":{"line":14,"column":66}},"9":{"start":{"line":15,"column":2},"end":{"line":15,"column":33}},"10":{"start":{"line":18,"column":17},"end":{"line":21,"column":1}},"11":{"start":{"line":19,"column":16},"end":{"line":19,"column":73}},"12":{"start":{"line":20,"column":2},"end":{"line":20,"column":76}},"13":{"start":{"line":20,"column":38},"end":{"line":20,"column":51}},"14":{"start":{"line":23,"column":16},"end":{"line":26,"column":1}},"15":{"start":{"line":24,"column":15},"end":{"line":24,"column":42}},"16":{"start":{"line":25,"column":2},"end":{"line":25,"column":33}},"17":{"start":{"line":28,"column":19},"end":{"line":43,"column":1}},"18":{"start":{"line":29,"column":2},"end":{"line":31,"column":3}},"19":{"start":{"line":30,"column":4},"end":{"line":30,"column":68}},"20":{"start":{"line":33,"column":15},"end":{"line":33,"column":42}},"21":{"start":{"line":35,"column":2},"end":{"line":35,"column":46}},"22":{"start":{"line":35,"column":27},"end":{"line":35,"column":46}},"23":{"start":{"line":36,"column":2},"end":{"line":36,"column":52}},"24":{"start":{"line":36,"column":29},"end":{"line":36,"column":52}},"25":{"start":{"line":40,"column":2},"end":{"line":40,"column":20}},"26":{"start":{"line":42,"column":2},"end":{"line":42,"column":33}},"27":{"start":{"line":45,"column":19},"end":{"line":48,"column":1}},"28":{"start":{"line":46,"column":15},"end":{"line":46,"column":42}},"29":{"start":{"line":47,"column":2},"end":{"line":47,"column":25}},"30":{"start":{"line":50,"column":0},"end":{"line":50,"column":75}}},"fnMap":{"0":{"name":"(anonymous_0)","decl":{"start":{"line":7,"column":18},"end":{"line":7,"column":19}},"loc":{"start":{"line":7,"column":40},"end":{"line":11,"column":1}},"line":7},"1":{"name":"(anonymous_1)","decl":{"start":{"line":13,"column":19},"end":{"line":13,"column":20}},"loc":{"start":{"line":13,"column":57},"end":{"line":16,"column":1}},"line":13},"2":{"name":"(anonymous_2)","decl":{"start":{"line":18,"column":17},"end":{"line":18,"column":18}},"loc":{"start":{"line":18,"column":39},"end":{"line":21,"column":1}},"line":18},"3":{"name":"(anonymous_3)","decl":{"start":{"line":20,"column":28},"end":{"line":20,"column":29}},"loc":{"start":{"line":20,"column":38},"end":{"line":20,"column":51}},"line":20},"4":{"name":"(anonymous_4)","decl":{"start":{"line":23,"column":16},"end":{"line":23,"column":17}},"loc":{"start":{"line":23,"column":42},"end":{"line":26,"column":1}},"line":23},"5":{"name":"(anonymous_5)","decl":{"start":{"line":28,"column":19},"end":{"line":28,"column":20}},"loc":{"start":{"line":28,"column":61},"end":{"line":43,"column":1}},"line":28},"6":{"name":"(anonymous_6)","decl":{"start":{"line":45,"column":19},"end":{"line":45,"column":20}},"loc":{"start":{"line":45,"column":45},"end":{"line":48,"column":1}},"line":45}},"branchMap":{"0":{"loc":{"start":{"line":9,"column":2},"end":{"line":9,"column":55}},"type":"if","locations":[{"start":{"line":9,"column":2},"end":{"line":9,"column":55}},{"start":{},"end":{}}],"line":9},"1":{"loc":{"start":{"line":29,"column":2},"end":{"line":31,"column":3}},"type":"if","locations":[{"start":{"line":29,"column":2},"end":{"line":31,"column":3}},{"start":{},"end":{}}],"line":29},"2":{"loc":{"start":{"line":29,"column":6},"end":{"line":29,"column":50}},"type":"binary-expr","locations":[{"start":{"line":29,"column":6},"end":{"line":29,"column":25}},{"start":{"line":29,"column":29},"end":{"line":29,"column":50}}],"line":29},"3":{"loc":{"start":{"line":35,"column":2},"end":{"line":35,"column":46}},"type":"if","locations":[{"start":{"line":35,"column":2},"end":{"line":35,"column":46}},{"start":{},"end":{}}],"line":35},"4":{"loc":{"start":{"line":36,"column":2},"end":{"line":36,"column":52}},"type":"if","locations":[{"start":{"line":36,"column":2},"end":{"line":36,"column":52}},{"start":{},"end":{}}],"line":36}},"s":{"0":1,"1":1,"2":1,"3":31,"4":31,"5":14,"6":17,"7":1,"8":7,"9":5,"10":1,"11":7,"12":7,"13":4,"14":1,"15":9,"16":3,"17":1,"18":14,"19":2,"20":12,"21":9,"22":7,"23":9,"24":4,"25":9,"26":8,"27":1,"28":10,"29":5,"30":1},"f":{"0":31,"1":7,"2":7,"3":4,"4":9,"5":14,"6":10},"b":{"0":[14,17],"1":[2,12],"2":[14,4],"3":[7,2],"4":[4,5]},"_coverageSchema":"1a1c01bbd47fc00a2c39e90264f33305004495a9","hash":"c87abc44f8f9328067f867534d804362fe3a6803","contentHash":"a634791db628fa8c582295f4c0b5b6db13dc9e6c0f6b29e801218d43ff69ee72"},"C:\\Users\\hamma\\Desktop\\cohort-9-mern-14766-hammad\\backend\\src\\models\\note.model.js":{"path":"C:\\Users\\hamma\\Desktop\\cohort-9-mern-14766-hammad\\backend\\src\\models\\note.model.js","statementMap":{"0":{"start":{"line":1,"column":17},"end":{"line":1,"column":36}},"1":{"start":{"line":3,"column":19},"end":{"line":25,"column":1}},"2":{"start":{"line":29,"column":0},"end":{"line":29,"column":45}},"3":{"start":{"line":31,"column":0},"end":{"line":38,"column":3}},"4":{"start":{"line":34,"column":4},"end":{"line":34,"column":21}},"5":{"start":{"line":35,"column":4},"end":{"line":35,"column":19}},"6":{"start":{"line":36,"column":4},"end":{"line":36,"column":15}},"7":{"start":{"line":40,"column":0},"end":{"line":40,"column":52}}},"fnMap":{"0":{"name":"(anonymous_0)","decl":{"start":{"line":33,"column":13},"end":{"line":33,"column":14}},"loc":{"start":{"line":33,"column":27},"end":{"line":37,"column":3}},"line":33}},"branchMap":{},"s":{"0":1,"1":1,"2":1,"3":1,"4":3,"5":3,"6":3,"7":1},"f":{"0":3},"b":{},"_coverageSchema":"1a1c01bbd47fc00a2c39e90264f33305004495a9","hash":"8d62bc7652c9b82f9e4d68756271b8c34956db2c","contentHash":"f188df7e8ac5ba79399d38fcd2d57e617596ad0813b0ad5af545dbded84a7924"},"C:\\Users\\hamma\\Desktop\\cohort-9-mern-14766-hammad\\backend\\src\\validators\\note.validator.js":{"path":"C:\\Users\\hamma\\Desktop\\cohort-9-mern-14766-hammad\\backend\\src\\validators\\note.validator.js","statementMap":{"0":{"start":{"line":1,"column":24},"end":{"line":1,"column":52}},"1":{"start":{"line":5,"column":18},"end":{"line":5,"column":21}},"2":{"start":{"line":6,"column":20},"end":{"line":6,"column":25}},"3":{"start":{"line":8,"column":24},"end":{"line":10,"column":1}},"4":{"start":{"line":12,"column":28},"end":{"line":28,"column":1}},"5":{"start":{"line":32,"column":28},"end":{"line":52,"column":1}},"6":{"start":{"line":54,"column":0},"end":{"line":54,"column":79}}},"fnMap":{},"branchMap":{},"s":{"0":1,"1":1,"2":1,"3":1,"4":1,"5":1,"6":1},"f":{},"b":{},"_coverageSchema":"1a1c01bbd47fc00a2c39e90264f33305004495a9","hash":"406b6b5f6c77e80fbe76c64d3db3052e8a4b0156","contentHash":"99186ce1e913ee70e7cec8571b5107f0a230ae1decf45ff0facd93745d311197"},"C:\\Users\\hamma\\Desktop\\cohort-9-mern-14766-hammad\\backend\\src\\middleware\\error.middleware.js":{"path":"C:\\Users\\hamma\\Desktop\\cohort-9-mern-14766-hammad\\backend\\src\\middleware\\error.middleware.js","statementMap":{"0":{"start":{"line":1,"column":17},"end":{"line":1,"column":45}},"1":{"start":{"line":2,"column":15},"end":{"line":2,"column":42}},"2":{"start":{"line":3,"column":22},"end":{"line":3,"column":46}},"3":{"start":{"line":5,"column":17},"end":{"line":7,"column":1}},"4":{"start":{"line":6,"column":2},"end":{"line":6,"column":79}},"5":{"start":{"line":10,"column":19},"end":{"line":52,"column":1}},"6":{"start":{"line":11,"column":2},"end":{"line":11,"column":42}},"7":{"start":{"line":11,"column":31},"end":{"line":11,"column":42}},"8":{"start":{"line":13,"column":2},"end":{"line":19,"column":3}},"9":{"start":{"line":14,"column":19},"end":{"line":17,"column":7}},"10":{"start":{"line":14,"column":57},"end":{"line":17,"column":5}},"11":{"start":{"line":18,"column":4},"end":{"line":18,"column":58}},"12":{"start":{"line":22,"column":2},"end":{"line":25,"column":3}},"13":{"start":{"line":23,"column":18},"end":{"line":23,"column":65}},"14":{"start":{"line":24,"column":4},"end":{"line":24,"column":77}},"15":{"start":{"line":27,"column":2},"end":{"line":29,"column":3}},"16":{"start":{"line":28,"column":4},"end":{"line":28,"column":62}},"17":{"start":{"line":31,"column":2},"end":{"line":33,"column":3}},"18":{"start":{"line":32,"column":4},"end":{"line":32,"column":69}},"19":{"start":{"line":37,"column":2},"end":{"line":39,"column":3}},"20":{"start":{"line":38,"column":4},"end":{"line":38,"column":76}},"21":{"start":{"line":46,"column":17},"end":{"line":46,"column":45}},"22":{"start":{"line":47,"column":2},"end":{"line":49,"column":3}},"23":{"start":{"line":48,"column":4},"end":{"line":48,"column":45}},"24":{"start":{"line":51,"column":2},"end":{"line":51,"column":14}},"25":{"start":{"line":56,"column":17},"end":{"line":60,"column":1}},"26":{"start":{"line":57,"column":2},"end":{"line":57,"column":47}},"27":{"start":{"line":57,"column":26},"end":{"line":57,"column":47}},"28":{"start":{"line":58,"column":2},"end":{"line":58,"column":50}},"29":{"start":{"line":58,"column":26},"end":{"line":58,"column":50}},"30":{"start":{"line":59,"column":2},"end":{"line":59,"column":28}},"31":{"start":{"line":62,"column":21},"end":{"line":90,"column":1}},"32":{"start":{"line":63,"column":19},"end":{"line":63,"column":34}},"33":{"start":{"line":66,"column":14},"end":{"line":66,"column":31}},"34":{"start":{"line":70,"column":2},"end":{"line":73,"column":3}},"35":{"start":{"line":71,"column":4},"end":{"line":71,"column":81}},"36":{"start":{"line":72,"column":4},"end":{"line":72,"column":86}},"37":{"start":{"line":77,"column":2},"end":{"line":84,"column":4}},"38":{"start":{"line":86,"column":15},"end":{"line":86,"column":60}},"39":{"start":{"line":87,"column":2},"end":{"line":87,"column":53}},"40":{"start":{"line":87,"column":23},"end":{"line":87,"column":53}},"41":{"start":{"line":89,"column":2},"end":{"line":89,"column":45}},"42":{"start":{"line":92,"column":0},"end":{"line":92,"column":44}}},"fnMap":{"0":{"name":"(anonymous_0)","decl":{"start":{"line":5,"column":17},"end":{"line":5,"column":18}},"loc":{"start":{"line":5,"column":37},"end":{"line":7,"column":1}},"line":5},"1":{"name":"(anonymous_1)","decl":{"start":{"line":10,"column":19},"end":{"line":10,"column":20}},"loc":{"start":{"line":10,"column":28},"end":{"line":52,"column":1}},"line":10},"2":{"name":"(anonymous_2)","decl":{"start":{"line":14,"column":49},"end":{"line":14,"column":50}},"loc":{"start":{"line":14,"column":57},"end":{"line":17,"column":5}},"line":14},"3":{"name":"(anonymous_3)","decl":{"start":{"line":56,"column":17},"end":{"line":56,"column":18}},"loc":{"start":{"line":56,"column":33},"end":{"line":60,"column":1}},"line":56},"4":{"name":"(anonymous_4)","decl":{"start":{"line":62,"column":21},"end":{"line":62,"column":22}},"loc":{"start":{"line":62,"column":46},"end":{"line":90,"column":1}},"line":62}},"branchMap":{"0":{"loc":{"start":{"line":11,"column":2},"end":{"line":11,"column":42}},"type":"if","locations":[{"start":{"line":11,"column":2},"end":{"line":11,"column":42}},{"start":{},"end":{}}],"line":11},"1":{"loc":{"start":{"line":13,"column":2},"end":{"line":19,"column":3}},"type":"if","locations":[{"start":{"line":13,"column":2},"end":{"line":19,"column":3}},{"start":{},"end":{}}],"line":13},"2":{"loc":{"start":{"line":22,"column":2},"end":{"line":25,"column":3}},"type":"if","locations":[{"start":{"line":22,"column":2},"end":{"line":25,"column":3}},{"start":{},"end":{}}],"line":22},"3":{"loc":{"start":{"line":23,"column":18},"end":{"line":23,"column":65}},"type":"binary-expr","locations":[{"start":{"line":23,"column":18},"end":{"line":23,"column":54}},{"start":{"line":23,"column":58},"end":{"line":23,"column":65}}],"line":23},"4":{"loc":{"start":{"line":23,"column":30},"end":{"line":23,"column":50}},"type":"binary-expr","locations":[{"start":{"line":23,"column":30},"end":{"line":23,"column":44}},{"start":{"line":23,"column":48},"end":{"line":23,"column":50}}],"line":23},"5":{"loc":{"start":{"line":27,"column":2},"end":{"line":29,"column":3}},"type":"if","locations":[{"start":{"line":27,"column":2},"end":{"line":29,"column":3}},{"start":{},"end":{}}],"line":27},"6":{"loc":{"start":{"line":31,"column":2},"end":{"line":33,"column":3}},"type":"if","locations":[{"start":{"line":31,"column":2},"end":{"line":33,"column":3}},{"start":{},"end":{}}],"line":31},"7":{"loc":{"start":{"line":37,"column":2},"end":{"line":39,"column":3}},"type":"if","locations":[{"start":{"line":37,"column":2},"end":{"line":39,"column":3}},{"start":{},"end":{}}],"line":37},"8":{"loc":{"start":{"line":46,"column":17},"end":{"line":46,"column":45}},"type":"binary-expr","locations":[{"start":{"line":46,"column":17},"end":{"line":46,"column":27}},{"start":{"line":46,"column":31},"end":{"line":46,"column":45}}],"line":46},"9":{"loc":{"start":{"line":47,"column":2},"end":{"line":49,"column":3}},"type":"if","locations":[{"start":{"line":47,"column":2},"end":{"line":49,"column":3}},{"start":{},"end":{}}],"line":47},"10":{"loc":{"start":{"line":47,"column":6},"end":{"line":47,"column":86}},"type":"binary-expr","locations":[{"start":{"line":47,"column":6},"end":{"line":47,"column":25}},{"start":{"line":47,"column":29},"end":{"line":47,"column":53}},{"start":{"line":47,"column":57},"end":{"line":47,"column":70}},{"start":{"line":47,"column":74},"end":{"line":47,"column":86}}],"line":47},"11":{"loc":{"start":{"line":57,"column":2},"end":{"line":57,"column":47}},"type":"if","locations":[{"start":{"line":57,"column":2},"end":{"line":57,"column":47}},{"start":{},"end":{}}],"line":57},"12":{"loc":{"start":{"line":58,"column":2},"end":{"line":58,"column":50}},"type":"if","locations":[{"start":{"line":58,"column":2},"end":{"line":58,"column":50}},{"start":{},"end":{}}],"line":58},"13":{"loc":{"start":{"line":66,"column":14},"end":{"line":66,"column":31}},"type":"binary-expr","locations":[{"start":{"line":66,"column":14},"end":{"line":66,"column":21}},{"start":{"line":66,"column":25},"end":{"line":66,"column":31}}],"line":66},"14":{"loc":{"start":{"line":70,"column":2},"end":{"line":73,"column":3}},"type":"if","locations":[{"start":{"line":70,"column":2},"end":{"line":73,"column":3}},{"start":{},"end":{}}],"line":70},"15":{"loc":{"start":{"line":87,"column":2},"end":{"line":87,"column":53}},"type":"if","locations":[{"start":{"line":87,"column":2},"end":{"line":87,"column":53}},{"start":{},"end":{}}],"line":87}},"s":{"0":1,"1":1,"2":1,"3":1,"4":4,"5":1,"6":85,"7":67,"8":18,"9":2,"10":3,"11":2,"12":16,"13":3,"14":3,"15":13,"16":1,"17":12,"18":2,"19":10,"20":2,"21":8,"22":8,"23":2,"24":6,"25":1,"26":79,"27":28,"28":51,"29":1,"30":50,"31":1,"32":85,"33":85,"34":85,"35":6,"36":6,"37":79,"38":79,"39":79,"40":22,"41":79,"42":1},"f":{"0":4,"1":85,"2":3,"3":79,"4":85},"b":{"0":[67,18],"1":[2,16],"2":[3,13],"3":[3,1],"4":[3,1],"5":[1,12],"6":[2,10],"7":[2,8],"8":[8,5],"9":[2,6],"10":[8,3,3,3],"11":[28,51],"12":[1,50],"13":[85,2],"14":[6,79],"15":[22,57]},"_coverageSchema":"1a1c01bbd47fc00a2c39e90264f33305004495a9","hash":"4ebeb518c56517326651a4cdadd463a1f0ec7e65","contentHash":"4456e7fca796f765d5379c9f76cd3810160e9344b1c4665d5dadce3e28e3098c"}}