{"C:\\Users\\hamma\\Desktop\\cohort-9-mern-14766-hammad\\backend\\src\\app.js":{"path":"C:\\Users\\hamma\\Desktop\\cohort-9-mern-14766-hammad\\backend\\src\\app.js","statementMap":{"0":{"start":{"line":1,"column":16},"end":{"line":1,"column":34}},"1":{"start":{"line":2,"column":13},"end":{"line":2,"column":28}},"2":{"start":{"line":4,"column":34},"end":{"line":4,"column":57}},"3":{"start":{"line":5,"column":15},"end":{"line":5,"column":34}},"4":{"start":{"line":6,"column":23},"end":{"line":6,"column":64}},"5":{"start":{"line":7,"column":35},"end":{"line":7,"column":75}},"6":{"start":{"line":9,"column":12},"end":{"line":9,"column":21}},"7":{"start":{"line":13,"column":0},"end":{"line":13,"column":20}},"8":{"start":{"line":15,"column":0},"end":{"line":15,"column":38}},"9":{"start":{"line":16,"column":0},"end":{"line":16,"column":44}},"10":{"start":{"line":17,"column":0},"end":{"line":17,"column":66}},"11":{"start":{"line":19,"column":0},"end":{"line":19,"column":27}},"12":{"start":{"line":22,"column":0},"end":{"line":22,"column":18}},"13":{"start":{"line":23,"column":0},"end":{"line":23,"column":22}},"14":{"start":{"line":25,"column":0},"end":{"line":25,"column":21}}},"fnMap":{},"branchMap":{},"s":{"0":0,"1":0,"2":0,"3":0,"4":0,"5":0,"6":0,"7":0,"8":0,"9":0,"10":0,"11":0,"12":0,"13":0,"14":0},"f":{},"b":{},"all":true},"C:\\Users\\hamma\\Desktop\\cohort-9-mern-14766-hammad\\backend\\src\\config\\db.js":{"path":"C:\\Users\\hamma\\Desktop\\cohort-9-mern-14766-hammad\\backend\\src\\config\\db.js","statementMap":{"0":{"start":{"line":1,"column":17},"end":{"line":1,"column":36}},"1":{"start":{"line":3,"column":21},"end":{"line":3,"column":37}},"2":{"start":{"line":4,"column":15},"end":{"line":4,"column":34}},"3":{"start":{"line":6,"column":18},"end":{"line":20,"column":1}},"4":{"start":{"line":7,"column":2},"end":{"line":7,"column":36}},"5":{"start":{"line":8,"column":15},"end":{"line":8,"column":47}},"6":{"start":{"line":9,"column":2},"end":{"line":9,"column":90}},"7":{"start":{"line":13,"column":2},"end":{"line":15,"column":5}},"8":{"start":{"line":14,"column":4},"end":{"line":14,"column":70}},"9":{"start":{"line":17,"column":2},"end":{"line":19,"column":5}},"10":{"start":{"line":18,"column":4},"end":{"line":18,"column":73}},"11":{"start":{"line":22,"column":21},"end":{"line":22,"column":54}},"12":{"start":{"line":22,"column":27},"end":{"line":22,"column":54}},"13":{"start":{"line":24,"column":0},"end":{"line":24,"column":45}}},"fnMap":{"0":{"name":"(anonymous_0)","decl":{"start":{"line":6,"column":18},"end":{"line":6,"column":19}},"loc":{"start":{"line":6,"column":30},"end":{"line":20,"column":1}},"line":6},"1":{"name":"(anonymous_1)","decl":{"start":{"line":13,"column":41},"end":{"line":13,"column":42}},"loc":{"start":{"line":13,"column":47},"end":{"line":15,"column":3}},"line":13},"2":{"name":"(anonymous_2)","decl":{"start":{"line":17,"column":34},"end":{"line":17,"column":35}},"loc":{"start":{"line":17,"column":43},"end":{"line":19,"column":3}},"line":17},"3":{"name":"(anonymous_3)","decl":{"start":{"line":22,"column":21},"end":{"line":22,"column":22}},"loc":{"start":{"line":22,"column":27},"end":{"line":22,"column":54}},"line":22}},"branchMap":{},"s":{"0":0,"1":0,"2":0,"3":0,"4":0,"5":0,"6":0,"7":0,"8":0,"9":0,"10":0,"11":0,"12":0,"13":0},"f":{"0":0,"1":0,"2":0,"3":0},"b":{},"all":true},"C:\\Users\\hamma\\Desktop\\cohort-9-mern-14766-hammad\\backend\\src\\config\\env.js":{"path":"C:\\Users\\hamma\\Desktop\\cohort-9-mern-14766-hammad\\backend\\src\\config\\env.js","statementMap":{"0":{"start":{"line":1,"column":0},"end":{"line":1,"column":27}},"1":{"start":{"line":3,"column":36},"end":{"line":3,"column":47}},"2":{"start":{"line":5,"column":0},"end":{"line":5,"column":60}},"3":{"start":{"line":5,"column":18},"end":{"line":5,"column":60}},"4":{"start":{"line":6,"column":0},"end":{"line":6,"column":58}},"5":{"start":{"line":6,"column":17},"end":{"line":6,"column":58}},"6":{"start":{"line":8,"column":16},"end":{"line":8,"column":53}},"7":{"start":{"line":9,"column":21},"end":{"line":9,"column":45}},"8":{"start":{"line":11,"column":0},"end":{"line":26,"column":2}}},"fnMap":{},"branchMap":{"0":{"loc":{"start":{"line":5,"column":0},"end":{"line":5,"column":60}},"type":"if","locations":[{"start":{"line":5,"column":0},"end":{"line":5,"column":60}},{"start":{},"end":{}}],"line":5},"1":{"loc":{"start":{"line":6,"column":0},"end":{"line":6,"column":58}},"type":"if","locations":[{"start":{"line":6,"column":0},"end":{"line":6,"column":58}},{"start":{},"end":{}}],"line":6},"2":{"loc":{"start":{"line":8,"column":16},"end":{"line":8,"column":53}},"type":"binary-expr","locations":[{"start":{"line":8,"column":16},"end":{"line":8,"column":36}},{"start":{"line":8,"column":40},"end":{"line":8,"column":53}}],"line":8},"3":{"loc":{"start":{"line":14,"column":8},"end":{"line":14,"column":40}},"type":"binary-expr","locations":[{"start":{"line":14,"column":8},"end":{"line":14,"column":32}},{"start":{"line":14,"column":36},"end":{"line":14,"column":40}}],"line":14},"4":{"loc":{"start":{"line":17,"column":16},"end":{"line":17,"column":50}},"type":"binary-expr","locations":[{"start":{"line":17,"column":16},"end":{"line":17,"column":42}},{"start":{"line":17,"column":46},"end":{"line":17,"column":50}}],"line":17},"5":{"loc":{"start":{"line":18,"column":14},"end":{"line":18,"column":58}},"type":"binary-expr","locations":[{"start":{"line":18,"column":14},"end":{"line":18,"column":52}},{"start":{"line":18,"column":56},"end":{"line":18,"column":58}}],"line":18},"6":{"loc":{"start":{"line":19,"column":14},"end":{"line":19,"column":44}},"type":"binary-expr","locations":[{"start":{"line":19,"column":14},"end":{"line":19,"column":37}},{"start":{"line":19,"column":41},"end":{"line":19,"column":44}}],"line":19},"7":{"loc":{"start":{"line":22,"column":13},"end":{"line":22,"column":45}},"type":"binary-expr","locations":[{"start":{"line":22,"column":13},"end":{"line":22,"column":35}},{"start":{"line":22,"column":39},"end":{"line":22,"column":45}}],"line":22},"8":{"loc":{"start":{"line":25,"column":12},"end":{"line":25,"column":70}},"type":"binary-expr","locations":[{"start":{"line":25,"column":12},"end":{"line":25,"column":33}},{"start":{"line":25,"column":38},"end":{"line":25,"column":69}}],"line":25},"9":{"loc":{"start":{"line":25,"column":38},"end":{"line":25,"column":69}},"type":"cond-expr","locations":[{"start":{"line":25,"column":53},"end":{"line":25,"column":59}},{"start":{"line":25,"column":62},"end":{"line":25,"column":69}}],"line":25}},"s":{"0":0,"1":0,"2":0,"3":0,"4":0,"5":0,"6":0,"7":0,"8":0},"f":{},"b":{"0":[0,0],"1":[0,0],"2":[0,0],"3":[0,0],"4":[0,0],"5":[0,0],"6":[0,0],"7":[0,0],"8":[0,0],"9":[0,0]},"all":true},"C:\\Users\\hamma\\Desktop\\cohort-9-mern-14766-hammad\\backend\\src\\config\\logger.js":{"path":"C:\\Users\\hamma\\Desktop\\cohort-9-mern-14766-hammad\\backend\\src\\config\\logger.js","statementMap":{"0":{"start":{"line":1,"column":13},"end":{"line":1,"column":28}},"1":{"start":{"line":3,"column":44},"end":{"line":3,"column":60}},"2":{"start":{"line":9,"column":20},"end":{"line":21,"column":1}},"3":{"start":{"line":25,"column":20},"end":{"line":37,"column":1}},"4":{"start":{"line":26,"column":17},"end":{"line":32,"column":3}},"5":{"start":{"line":33,"column":17},"end":{"line":35,"column":3}},"6":{"start":{"line":42,"column":24},"end":{"line":50,"column":1}},"7":{"start":{"line":43,"column":2},"end":{"line":49,"column":3}},"8":{"start":{"line":44,"column":4},"end":{"line":44,"column":35}},"9":{"start":{"line":45,"column":4},"end":{"line":45,"column":16}},"10":{"start":{"line":48,"column":4},"end":{"line":48,"column":17}},"11":{"start":{"line":53,"column":2},"end":{"line":63,"column":7}},"12":{"start":{"line":65,"column":15},"end":{"line":78,"column":2}},"13":{"start":{"line":72,"column":23},"end":{"line":72,"column":39}},"14":{"start":{"line":80,"column":0},"end":{"line":80,"column":24}}},"fnMap":{"0":{"name":"(anonymous_0)","decl":{"start":{"line":26,"column":7},"end":{"line":26,"column":8}},"loc":{"start":{"line":26,"column":17},"end":{"line":32,"column":3}},"line":26},"1":{"name":"(anonymous_1)","decl":{"start":{"line":33,"column":7},"end":{"line":33,"column":8}},"loc":{"start":{"line":33,"column":17},"end":{"line":35,"column":3}},"line":33},"2":{"name":"(anonymous_2)","decl":{"start":{"line":42,"column":24},"end":{"line":42,"column":25}},"loc":{"start":{"line":42,"column":30},"end":{"line":50,"column":1}},"line":42},"3":{"name":"(anonymous_3)","decl":{"start":{"line":72,"column":11},"end":{"line":72,"column":12}},"loc":{"start":{"line":72,"column":23},"end":{"line":72,"column":39}},"line":72}},"branchMap":{"0":{"loc":{"start":{"line":31,"column":15},"end":{"line":31,"column":55}},"type":"binary-expr","locations":[{"start":{"line":31,"column":15},"end":{"line":31,"column":26}},{"start":{"line":31,"column":30},"end":{"line":31,"column":55}}],"line":31},"1":{"loc":{"start":{"line":53,"column":2},"end":{"line":63,"column":7}},"type":"cond-expr","locations":[{"start":{"line":54,"column":6},"end":{"line":54,"column":15}},{"start":{"line":55,"column":6},"end":{"line":63,"column":7}}],"line":53},"2":{"loc":{"start":{"line":53,"column":2},"end":{"line":53,"column":36}},"type":"binary-expr","locations":[{"start":{"line":53,"column":2},"end":{"line":53,"column":14}},{"start":{"line":53,"column":18},"end":{"line":53,"column":36}}],"line":53}},"s":{"0":0,"1":0,"2":0,"3":0,"4":0,"5":0,"6":0,"7":0,"8":0,"9":0,"10":0,"11":0,"12":0,"13":0,"14":0},"f":{"0":0,"1":0,"2":0,"3":0},"b":{"0":[0,0],"1":[0,0],"2":[0,0]},"all":true},"C:\\Users\\hamma\\Desktop\\cohort-9-mern-14766-hammad\\backend\\src\\controllers\\auth.controller.js":{"path":"C:\\Users\\hamma\\Desktop\\cohort-9-mern-14766-hammad\\backend\\src\\controllers\\auth.controller.js","statementMap":{"0":{"start":{"line":1,"column":20},"end":{"line":1,"column":55}},"1":{"start":{"line":2,"column":21},"end":{"line":2,"column":53}},"2":{"start":{"line":4,"column":17},"end":{"line":13,"column":2}},"3":{"start":{"line":5,"column":36},"end":{"line":5,"column":44}},"4":{"start":{"line":6,"column":15},"end":{"line":6,"column":68}},"5":{"start":{"line":8,"column":2},"end":{"line":12,"column":5}},"6":{"start":{"line":15,"column":14},"end":{"line":24,"column":2}},"7":{"start":{"line":16,"column":30},"end":{"line":16,"column":38}},"8":{"start":{"line":17,"column":15},"end":{"line":17,"column":59}},"9":{"start":{"line":19,"column":2},"end":{"line":23,"column":5}},"10":{"start":{"line":27,"column":14},"end":{"line":33,"column":1}},"11":{"start":{"line":28,"column":2},"end":{"line":32,"column":5}},"12":{"start":{"line":35,"column":0},"end":{"line":35,"column":44}}},"fnMap":{"0":{"name":"(anonymous_0)","decl":{"start":{"line":4,"column":30},"end":{"line":4,"column":31}},"loc":{"start":{"line":4,"column":50},"end":{"line":13,"column":1}},"line":4},"1":{"name":"(anonymous_1)","decl":{"start":{"line":15,"column":27},"end":{"line":15,"column":28}},"loc":{"start":{"line":15,"column":47},"end":{"line":24,"column":1}},"line":15},"2":{"name":"(anonymous_2)","decl":{"start":{"line":27,"column":14},"end":{"line":27,"column":15}},"loc":{"start":{"line":27,"column":28},"end":{"line":33,"column":1}},"line":27}},"branchMap":{},"s":{"0":0,"1":0,"2":0,"3":0,"4":0,"5":0,"6":0,"7":0,"8":0,"9":0,"10":0,"11":0,"12":0},"f":{"0":0,"1":0,"2":0},"b":{},"all":true},"C:\\Users\\hamma\\Desktop\\cohort-9-mern-14766-hammad\\backend\\src\\controllers\\note.controller.js":{"path":"C:\\Users\\hamma\\Desktop\\cohort-9-mern-14766-hammad\\backend\\src\\controllers\\note.controller.js","statementMap":{"0":{"start":{"line":1,"column":20},"end":{"line":1,"column":55}},"1":{"start":{"line":2,"column":21},"end":{"line":2,"column":53}},"2":{"start":{"line":4,"column":19},"end":{"line":17,"column":2}},"3":{"start":{"line":5,"column":29},"end":{"line":5,"column":37}},"4":{"start":{"line":6,"column":15},"end":{"line":10,"column":4}},"5":{"start":{"line":12,"column":2},"end":{"line":16,"column":5}},"6":{"start":{"line":19,"column":17},"end":{"line":27,"column":2}},"7":{"start":{"line":20,"column":15},"end":{"line":20,"column":66}},"8":{"start":{"line":22,"column":2},"end":{"line":26,"column":5}},"9":{"start":{"line":29,"column":16},"end":{"line":40,"column":2}},"10":{"start":{"line":30,"column":15},"end":{"line":33,"column":4}},"11":{"start":{"line":35,"column":2},"end":{"line":39,"column":5}},"12":{"start":{"line":42,"column":19},"end":{"line":56,"column":2}},"13":{"start":{"line":43,"column":29},"end":{"line":43,"column":37}},"14":{"start":{"line":44,"column":15},"end":{"line":49,"column":4}},"15":{"start":{"line":51,"column":2},"end":{"line":55,"column":5}},"16":{"start":{"line":58,"column":19},"end":{"line":65,"column":2}},"17":{"start":{"line":59,"column":2},"end":{"line":59,"column":75}},"18":{"start":{"line":61,"column":2},"end":{"line":64,"column":5}},"19":{"start":{"line":67,"column":0},"end":{"line":67,"column":75}}},"fnMap":{"0":{"name":"(anonymous_0)","decl":{"start":{"line":4,"column":32},"end":{"line":4,"column":33}},"loc":{"start":{"line":4,"column":52},"end":{"line":17,"column":1}},"line":4},"1":{"name":"(anonymous_1)","decl":{"start":{"line":19,"column":30},"end":{"line":19,"column":31}},"loc":{"start":{"line":19,"column":50},"end":{"line":27,"column":1}},"line":19},"2":{"name":"(anonymous_2)","decl":{"start":{"line":29,"column":29},"end":{"line":29,"column":30}},"loc":{"start":{"line":29,"column":49},"end":{"line":40,"column":1}},"line":29},"3":{"name":"(anonymous_3)","decl":{"start":{"line":42,"column":32},"end":{"line":42,"column":33}},"loc":{"start":{"line":42,"column":52},"end":{"line":56,"column":1}},"line":42},"4":{"name":"(anonymous_4)","decl":{"start":{"line":58,"column":32},"end":{"line":58,"column":33}},"loc":{"start":{"line":58,"column":52},"end":{"line":65,"column":1}},"line":58}},"branchMap":{},"s":{"0":0,"1":0,"2":0,"3":0,"4":0,"5":0,"6":0,"7":0,"8":0,"9":0,"10":0,"11":0,"12":0,"13":0,"14":0,"15":0,"16":0,"17":0,"18":0,"19":0},"f":{"0":0,"1":0,"2":0,"3":0,"4":0},"b":{},"all":true},"C:\\Users\\hamma\\Desktop\\cohort-9-mern-14766-hammad\\backend\\src\\middleware\\audit.middleware.js":{"path":"C:\\Users\\hamma\\Desktop\\cohort-9-mern-14766-hammad\\backend\\src\\middleware\\audit.middleware.js","statementMap":{"0":{"start":{"line":1,"column":24},"end":{"line":1,"column":54}},"1":{"start":{"line":6,"column":23},"end":{"line":16,"column":1}},"2":{"start":{"line":7,"column":2},"end":{"line":7,"column":56}},"3":{"start":{"line":7,"column":35},"end":{"line":7,"column":56}},"4":{"start":{"line":9,"column":15},"end":{"line":9,"column":32}},"5":{"start":{"line":10,"column":2},"end":{"line":10,"column":58}},"6":{"start":{"line":10,"column":41},"end":{"line":10,"column":58}},"7":{"start":{"line":12,"column":17},"end":{"line":14,"column":3}},"8":{"start":{"line":13,"column":15},"end":{"line":13,"column":61}},"9":{"start":{"line":15,"column":2},"end":{"line":15,"column":48}},"10":{"start":{"line":26,"column":14},"end":{"line":60,"column":1}},"11":{"start":{"line":26,"column":26},"end":{"line":60,"column":1}},"12":{"start":{"line":27,"column":20},"end":{"line":27,"column":43}},"13":{"start":{"line":31,"column":19},"end":{"line":31,"column":37}},"14":{"start":{"line":33,"column":2},"end":{"line":36,"column":4}},"15":{"start":{"line":34,"column":4},"end":{"line":34,"column":19}},"16":{"start":{"line":35,"column":4},"end":{"line":35,"column":29}},"17":{"start":{"line":38,"column":2},"end":{"line":57,"column":5}},"18":{"start":{"line":39,"column":23},"end":{"line":39,"column":72}},"19":{"start":{"line":40,"column":22},"end":{"line":40,"column":42}},"20":{"start":{"line":41,"column":23},"end":{"line":41,"column":48}},"21":{"start":{"line":43,"column":4},"end":{"line":56,"column":6}},"22":{"start":{"line":59,"column":2},"end":{"line":59,"column":9}},"23":{"start":{"line":62,"column":0},"end":{"line":62,"column":23}}},"fnMap":{"0":{"name":"(anonymous_0)","decl":{"start":{"line":6,"column":23},"end":{"line":6,"column":24}},"loc":{"start":{"line":6,"column":38},"end":{"line":16,"column":1}},"line":6},"1":{"name":"(anonymous_1)","decl":{"start":{"line":13,"column":4},"end":{"line":13,"column":5}},"loc":{"start":{"line":13,"column":15},"end":{"line":13,"column":61}},"line":13},"2":{"name":"(anonymous_2)","decl":{"start":{"line":26,"column":14},"end":{"line":26,"column":15}},"loc":{"start":{"line":26,"column":26},"end":{"line":60,"column":1}},"line":26},"3":{"name":"(anonymous_3)","decl":{"start":{"line":26,"column":26},"end":{"line":26,"column":27}},"loc":{"start":{"line":26,"column":46},"end":{"line":60,"column":1}},"line":26},"4":{"name":"(anonymous_4)","decl":{"start":{"line":33,"column":13},"end":{"line":33,"column":14}},"loc":{"start":{"line":33,"column":26},"end":{"line":36,"column":3}},"line":33},"5":{"name":"(anonymous_5)","decl":{"start":{"line":38,"column":19},"end":{"line":38,"column":20}},"loc":{"start":{"line":38,"column":25},"end":{"line":57,"column":3}},"line":38}},"branchMap":{"0":{"loc":{"start":{"line":7,"column":2},"end":{"line":7,"column":56}},"type":"if","locations":[{"start":{"line":7,"column":2},"end":{"line":7,"column":56}},{"start":{},"end":{}}],"line":7},"1":{"loc":{"start":{"line":7,"column":6},"end":{"line":7,"column":33}},"type":"binary-expr","locations":[{"start":{"line":7,"column":6},"end":{"line":7,"column":16}},{"start":{"line":7,"column":20},"end":{"line":7,"column":33}}],"line":7},"2":{"loc":{"start":{"line":9,"column":15},"end":{"line":9,"column":32}},"type":"binary-expr","locations":[{"start":{"line":9,"column":15},"end":{"line":9,"column":19}},{"start":{"line":9,"column":23},"end":{"line":9,"column":32}}],"line":9},"3":{"loc":{"start":{"line":10,"column":2},"end":{"line":10,"column":58}},"type":"if","locations":[{"start":{"line":10,"column":2},"end":{"line":10,"column":58}},{"start":{},"end":{}}],"line":10},"4":{"loc":{"start":{"line":10,"column":6},"end":{"line":10,"column":39}},"type":"binary-expr","locations":[{"start":{"line":10,"column":6},"end":{"line":10,"column":11}},{"start":{"line":10,"column":15},"end":{"line":10,"column":39}}],"line":10},"5":{"loc":{"start":{"line":13,"column":15},"end":{"line":13,"column":61}},"type":"binary-expr","locations":[{"start":{"line":13,"column":15},"end":{"line":13,"column":20}},{"start":{"line":13,"column":24},"end":{"line":13,"column":49}},{"start":{"line":13,"column":53},"end":{"line":13,"column":61}}],"line":13},"6":{"loc":{"start":{"line":15,"column":9},"end":{"line":15,"column":47}},"type":"cond-expr","locations":[{"start":{"line":15,"column":18},"end":{"line":15,"column":35}},{"start":{"line":15,"column":38},"end":{"line":15,"column":47}}],"line":15},"7":{"loc":{"start":{"line":46,"column":17},"end":{"line":46,"column":50}},"type":"cond-expr","locations":[{"start":{"line":46,"column":29},"end":{"line":46,"column":38}},{"start":{"line":46,"column":41},"end":{"line":46,"column":50}}],"line":46},"8":{"loc":{"start":{"line":50,"column":16},"end":{"line":50,"column":59}},"type":"cond-expr","locations":[{"start":{"line":50,"column":27},"end":{"line":50,"column":46}},{"start":{"line":50,"column":49},"end":{"line":50,"column":59}}],"line":50},"9":{"loc":{"start":{"line":55,"column":19},"end":{"line":55,"column":53}},"type":"cond-expr","locations":[{"start":{"line":55,"column":31},"end":{"line":55,"column":42}},{"start":{"line":55,"column":45},"end":{"line":55,"column":53}}],"line":55}},"s":{"0":0,"1":0,"2":0,"3":0,"4":0,"5":0,"6":0,"7":0,"8":0,"9":0,"10":0,"11":0,"12":0,"13":0,"14":0,"15":0,"16":0,"17":0,"18":0,"19":0,"20":0,"21":0,"22":0,"23":0},"f":{"0":0,"1":0,"2":0,"3":0,"4":0,"5":0},"b":{"0":[0,0],"1":[0,0],"2":[0,0],"3":[0,0],"4":[0,0],"5":[0,0,0],"6":[0,0],"7":[0,0],"8":[0,0],"9":[0,0]},"all":true},"C:\\Users\\hamma\\Desktop\\cohort-9-mern-14766-hammad\\backend\\src\\middleware\\auth.middleware.js":{"path":"C:\\Users\\hamma\\Desktop\\cohort-9-mern-14766-hammad\\backend\\src\\middleware\\auth.middleware.js","statementMap":{"0":{"start":{"line":1,"column":12},"end":{"line":1,"column":35}},"1":{"start":{"line":3,"column":13},"end":{"line":3,"column":44}},"2":{"start":{"line":4,"column":17},"end":{"line":4,"column":45}},"3":{"start":{"line":5,"column":21},"end":{"line":5,"column":53}},"4":{"start":{"line":6,"column":24},"end":{"line":6,"column":47}},"5":{"start":{"line":8,"column":21},"end":{"line":42,"column":2}},"6":{"start":{"line":9,"column":17},"end":{"line":9,"column":48}},"7":{"start":{"line":10,"column":26},"end":{"line":10,"column":43}},"8":{"start":{"line":12,"column":2},"end":{"line":14,"column":3}},"9":{"start":{"line":13,"column":4},"end":{"line":13,"column":55}},"10":{"start":{"line":17,"column":2},"end":{"line":24,"column":3}},"11":{"start":{"line":18,"column":4},"end":{"line":18,"column":33}},"12":{"start":{"line":20,"column":4},"end":{"line":22,"column":5}},"13":{"start":{"line":21,"column":6},"end":{"line":21,"column":72}},"14":{"start":{"line":23,"column":4},"end":{"line":23,"column":60}},"15":{"start":{"line":28,"column":15},"end":{"line":28,"column":47}},"16":{"start":{"line":29,"column":2},"end":{"line":29,"column":67}},"17":{"start":{"line":29,"column":13},"end":{"line":29,"column":67}},"18":{"start":{"line":31,"column":2},"end":{"line":31,"column":18}},"19":{"start":{"line":36,"column":2},"end":{"line":39,"column":4}},"20":{"start":{"line":41,"column":2},"end":{"line":41,"column":9}},"21":{"start":{"line":45,"column":2},"end":{"line":56,"column":3}},"22":{"start":{"line":46,"column":2},"end":{"line":56,"column":3}},"23":{"start":{"line":50,"column":4},"end":{"line":50,"column":77}},"24":{"start":{"line":50,"column":19},"end":{"line":50,"column":77}},"25":{"start":{"line":52,"column":4},"end":{"line":54,"column":5}},"26":{"start":{"line":53,"column":6},"end":{"line":53,"column":78}},"27":{"start":{"line":55,"column":4},"end":{"line":55,"column":11}},"28":{"start":{"line":58,"column":0},"end":{"line":58,"column":45}}},"fnMap":{"0":{"name":"(anonymous_0)","decl":{"start":{"line":8,"column":34},"end":{"line":8,"column":35}},"loc":{"start":{"line":8,"column":60},"end":{"line":42,"column":1}},"line":8},"1":{"name":"(anonymous_1)","decl":{"start":{"line":45,"column":2},"end":{"line":45,"column":3}},"loc":{"start":{"line":46,"column":2},"end":{"line":56,"column":3}},"line":46},"2":{"name":"(anonymous_2)","decl":{"start":{"line":46,"column":2},"end":{"line":46,"column":3}},"loc":{"start":{"line":46,"column":22},"end":{"line":56,"column":3}},"line":46}},"branchMap":{"0":{"loc":{"start":{"line":9,"column":17},"end":{"line":9,"column":48}},"type":"binary-expr","locations":[{"start":{"line":9,"column":17},"end":{"line":9,"column":42}},{"start":{"line":9,"column":46},"end":{"line":9,"column":48}}],"line":9},"1":{"loc":{"start":{"line":12,"column":2},"end":{"line":14,"column":3}},"type":"if","locations":[{"start":{"line":12,"column":2},"end":{"line":14,"column":3}},{"start":{},"end":{}}],"line":12},"2":{"loc":{"start":{"line":12,"column":6},"end":{"line":12,"column":41}},"type":"binary-expr","locations":[{"start":{"line":12,"column":6},"end":{"line":12,"column":31}},{"start":{"line":12,"column":35},"end":{"line":12,"column":41}}],"line":12},"3":{"loc":{"start":{"line":20,"column":4},"end":{"line":22,"column":5}},"type":"if","locations":[{"start":{"line":20,"column":4},"end":{"line":22,"column":5}},{"start":{},"end":{}}],"line":20},"4":{"loc":{"start":{"line":29,"column":2},"end":{"line":29,"column":67}},"type":"if","locations":[{"start":{"line":29,"column":2},"end":{"line":29,"column":67}},{"start":{},"end":{}}],"line":29},"5":{"loc":{"start":{"line":50,"column":4},"end":{"line":50,"column":77}},"type":"if","locations":[{"start":{"line":50,"column":4},"end":{"line":50,"column":77}},{"start":{},"end":{}}],"line":50},"6":{"loc":{"start":{"line":52,"column":4},"end":{"line":54,"column":5}},"type":"if","locations":[{"start":{"line":52,"column":4},"end":{"line":54,"column":5}},{"start":{},"end":{}}],"line":52}},"s":{"0":0,"1":0,"2":0,"3":0,"4":0,"5":0,"6":0,"7":0,"8":0,"9":0,"10":0,"11":0,"12":0,"13":0,"14":0,"15":0,"16":0,"17":0,"18":0,"19":0,"20":0,"21":0,"22":0,"23":0,"24":0,"25":0,"26":0,"27":0,"28":0},"f":{"0":0,"1":0,"2":0},"b":{"0":[0,0],"1":[0,0],"2":[0,0],"3":[0,0],"4":[0,0],"5":[0,0],"6":[0,0]},"all":true},"C:\\Users\\hamma\\Desktop\\cohort-9-mern-14766-hammad\\backend\\src\\middleware\\error.middleware.js":{"path":"C:\\Users\\hamma\\Desktop\\cohort-9-mern-14766-hammad\\backend\\src\\middleware\\error.middleware.js","statementMap":{"0":{"start":{"line":1,"column":17},"end":{"line":1,"column":45}},"1":{"start":{"line":2,"column":15},"end":{"line":2,"column":42}},"2":{"start":{"line":3,"column":22},"end":{"line":3,"column":46}},"3":{"start":{"line":5,"column":17},"end":{"line":7,"column":1}},"4":{"start":{"line":6,"column":2},"end":{"line":6,"column":79}},"5":{"start":{"line":10,"column":19},"end":{"line":52,"column":1}},"6":{"start":{"line":11,"column":2},"end":{"line":11,"column":42}},"7":{"start":{"line":11,"column":31},"end":{"line":11,"column":42}},"8":{"start":{"line":13,"column":2},"end":{"line":19,"column":3}},"9":{"start":{"line":14,"column":19},"end":{"line":17,"column":7}},"10":{"start":{"line":14,"column":57},"end":{"line":17,"column":5}},"11":{"start":{"line":18,"column":4},"end":{"line":18,"column":58}},"12":{"start":{"line":22,"column":2},"end":{"line":25,"column":3}},"13":{"start":{"line":23,"column":18},"end":{"line":23,"column":65}},"14":{"start":{"line":24,"column":4},"end":{"line":24,"column":77}},"15":{"start":{"line":27,"column":2},"end":{"line":29,"column":3}},"16":{"start":{"line":28,"column":4},"end":{"line":28,"column":62}},"17":{"start":{"line":31,"column":2},"end":{"line":33,"column":3}},"18":{"start":{"line":32,"column":4},"end":{"line":32,"column":69}},"19":{"start":{"line":37,"column":2},"end":{"line":39,"column":3}},"20":{"start":{"line":38,"column":4},"end":{"line":38,"column":76}},"21":{"start":{"line":46,"column":17},"end":{"line":46,"column":45}},"22":{"start":{"line":47,"column":2},"end":{"line":49,"column":3}},"23":{"start":{"line":48,"column":4},"end":{"line":48,"column":45}},"24":{"start":{"line":51,"column":2},"end":{"line":51,"column":14}},"25":{"start":{"line":56,"column":17},"end":{"line":60,"column":1}},"26":{"start":{"line":57,"column":2},"end":{"line":57,"column":47}},"27":{"start":{"line":57,"column":26},"end":{"line":57,"column":47}},"28":{"start":{"line":58,"column":2},"end":{"line":58,"column":50}},"29":{"start":{"line":58,"column":26},"end":{"line":58,"column":50}},"30":{"start":{"line":59,"column":2},"end":{"line":59,"column":28}},"31":{"start":{"line":62,"column":21},"end":{"line":90,"column":1}},"32":{"start":{"line":63,"column":19},"end":{"line":63,"column":34}},"33":{"start":{"line":66,"column":14},"end":{"line":66,"column":31}},"34":{"start":{"line":70,"column":2},"end":{"line":73,"column":3}},"35":{"start":{"line":71,"column":4},"end":{"line":71,"column":81}},"36":{"start":{"line":72,"column":4},"end":{"line":72,"column":86}},"37":{"start":{"line":77,"column":2},"end":{"line":84,"column":4}},"38":{"start":{"line":86,"column":15},"end":{"line":86,"column":60}},"39":{"start":{"line":87,"column":2},"end":{"line":87,"column":53}},"40":{"start":{"line":87,"column":23},"end":{"line":87,"column":53}},"41":{"start":{"line":89,"column":2},"end":{"line":89,"column":45}},"42":{"start":{"line":92,"column":0},"end":{"line":92,"column":44}}},"fnMap":{"0":{"name":"(anonymous_0)","decl":{"start":{"line":5,"column":17},"end":{"line":5,"column":18}},"loc":{"start":{"line":5,"column":37},"end":{"line":7,"column":1}},"line":5},"1":{"name":"(anonymous_1)","decl":{"start":{"line":10,"column":19},"end":{"line":10,"column":20}},"loc":{"start":{"line":10,"column":28},"end":{"line":52,"column":1}},"line":10},"2":{"name":"(anonymous_2)","decl":{"start":{"line":14,"column":49},"end":{"line":14,"column":50}},"loc":{"start":{"line":14,"column":57},"end":{"line":17,"column":5}},"line":14},"3":{"name":"(anonymous_3)","decl":{"start":{"line":56,"column":17},"end":{"line":56,"column":18}},"loc":{"start":{"line":56,"column":33},"end":{"line":60,"column":1}},"line":56},"4":{"name":"(anonymous_4)","decl":{"start":{"line":62,"column":21},"end":{"line":62,"column":22}},"loc":{"start":{"line":62,"column":46},"end":{"line":90,"column":1}},"line":62}},"branchMap":{"0":{"loc":{"start":{"line":11,"column":2},"end":{"line":11,"column":42}},"type":"if","locations":[{"start":{"line":11,"column":2},"end":{"line":11,"column":42}},{"start":{},"end":{}}],"line":11},"1":{"loc":{"start":{"line":13,"column":2},"end":{"line":19,"column":3}},"type":"if","locations":[{"start":{"line":13,"column":2},"end":{"line":19,"column":3}},{"start":{},"end":{}}],"line":13},"2":{"loc":{"start":{"line":22,"column":2},"end":{"line":25,"column":3}},"type":"if","locations":[{"start":{"line":22,"column":2},"end":{"line":25,"column":3}},{"start":{},"end":{}}],"line":22},"3":{"loc":{"start":{"line":23,"column":18},"end":{"line":23,"column":65}},"type":"binary-expr","locations":[{"start":{"line":23,"column":18},"end":{"line":23,"column":54}},{"start":{"line":23,"column":58},"end":{"line":23,"column":65}}],"line":23},"4":{"loc":{"start":{"line":23,"column":30},"end":{"line":23,"column":50}},"type":"binary-expr","locations":[{"start":{"line":23,"column":30},"end":{"line":23,"column":44}},{"start":{"line":23,"column":48},"end":{"line":23,"column":50}}],"line":23},"5":{"loc":{"start":{"line":27,"column":2},"end":{"line":29,"column":3}},"type":"if","locations":[{"start":{"line":27,"column":2},"end":{"line":29,"column":3}},{"start":{},"end":{}}],"line":27},"6":{"loc":{"start":{"line":31,"column":2},"end":{"line":33,"column":3}},"type":"if","locations":[{"start":{"line":31,"column":2},"end":{"line":33,"column":3}},{"start":{},"end":{}}],"line":31},"7":{"loc":{"start":{"line":37,"column":2},"end":{"line":39,"column":3}},"type":"if","locations":[{"start":{"line":37,"column":2},"end":{"line":39,"column":3}},{"start":{},"end":{}}],"line":37},"8":{"loc":{"start":{"line":46,"column":17},"end":{"line":46,"column":45}},"type":"binary-expr","locations":[{"start":{"line":46,"column":17},"end":{"line":46,"column":27}},{"start":{"line":46,"column":31},"end":{"line":46,"column":45}}],"line":46},"9":{"loc":{"start":{"line":47,"column":2},"end":{"line":49,"column":3}},"type":"if","locations":[{"start":{"line":47,"column":2},"end":{"line":49,"column":3}},{"start":{},"end":{}}],"line":47},"10":{"loc":{"start":{"line":47,"column":6},"end":{"line":47,"column":86}},"type":"binary-expr","locations":[{"start":{"line":47,"column":6},"end":{"line":47,"column":25}},{"start":{"line":47,"column":29},"end":{"line":47,"column":53}},{"start":{"line":47,"column":57},"end":{"line":47,"column":70}},{"start":{"line":47,"column":74},"end":{"line":47,"column":86}}],"line":47},"11":{"loc":{"start":{"line":57,"column":2},"end":{"line":57,"column":47}},"type":"if","locations":[{"start":{"line":57,"column":2},"end":{"line":57,"column":47}},{"start":{},"end":{}}],"line":57},"12":{"loc":{"start":{"line":58,"column":2},"end":{"line":58,"column":50}},"type":"if","locations":[{"start":{"line":58,"column":2},"end":{"line":58,"column":50}},{"start":{},"end":{}}],"line":58},"13":{"loc":{"start":{"line":66,"column":14},"end":{"line":66,"column":31}},"type":"binary-expr","locations":[{"start":{"line":66,"column":14},"end":{"line":66,"column":21}},{"start":{"line":66,"column":25},"end":{"line":66,"column":31}}],"line":66},"14":{"loc":{"start":{"line":70,"column":2},"end":{"line":73,"column":3}},"type":"if","locations":[{"start":{"line":70,"column":2},"end":{"line":73,"column":3}},{"start":{},"end":{}}],"line":70},"15":{"loc":{"start":{"line":87,"column":2},"end":{"line":87,"column":53}},"type":"if","locations":[{"start":{"line":87,"column":2},"end":{"line":87,"column":53}},{"start":{},"end":{}}],"line":87}},"s":{"0":0,"1":0,"2":0,"3":0,"4":0,"5":0,"6":0,"7":0,"8":0,"9":0,"10":0,"11":0,"12":0,"13":0,"14":0,"15":0,"16":0,"17":0,"18":0,"19":0,"20":0,"21":0,"22":0,"23":0,"24":0,"25":0,"26":0,"27":0,"28":0,"29":0,"30":0,"31":0,"32":0,"33":0,"34":0,"35":0,"36":0,"37":0,"38":0,"39":0,"40":0,"41":0,"42":0},"f":{"0":0,"1":0,"2":0,"3":0,"4":0},"b":{"0":[0,0],"1":[0,0],"2":[0,0],"3":[0,0],"4":[0,0],"5":[0,0],"6":[0,0],"7":[0,0],"8":[0,0],"9":[0,0],"10":[0,0,0,0],"11":[0,0],"12":[0,0],"13":[0,0],"14":[0,0],"15":[0,0]},"all":true},"C:\\Users\\hamma\\Desktop\\cohort-9-mern-14766-hammad\\backend\\src\\middleware\\logger.middleware.js":{"path":"C:\\Users\\hamma\\Desktop\\cohort-9-mern-14766-hammad\\backend\\src\\middleware\\logger.middleware.js","statementMap":{"0":{"start":{"line":1,"column":23},"end":{"line":1,"column":40}},"1":{"start":{"line":2,"column":17},"end":{"line":2,"column":37}},"2":{"start":{"line":4,"column":15},"end":{"line":4,"column":42}},"3":{"start":{"line":8,"column":20},"end":{"line":8,"column":47}},"4":{"start":{"line":11,"column":20},"end":{"line":15,"column":1}},"5":{"start":{"line":12,"column":2},"end":{"line":12,"column":40}},"6":{"start":{"line":12,"column":25},"end":{"line":12,"column":40}},"7":{"start":{"line":13,"column":2},"end":{"line":13,"column":39}},"8":{"start":{"line":13,"column":25},"end":{"line":13,"column":39}},"9":{"start":{"line":14,"column":2},"end":{"line":14,"column":16}},"10":{"start":{"line":17,"column":19},"end":{"line":52,"column":2}},"11":{"start":{"line":23,"column":21},"end":{"line":23,"column":48}},"12":{"start":{"line":24,"column":15},"end":{"line":24,"column":39}},"13":{"start":{"line":25,"column":4},"end":{"line":25,"column":38}},"14":{"start":{"line":26,"column":4},"end":{"line":26,"column":14}},"15":{"start":{"line":30,"column":4},"end":{"line":30,"column":28}},"16":{"start":{"line":30,"column":13},"end":{"line":30,"column":28}},"17":{"start":{"line":31,"column":4},"end":{"line":31,"column":39}},"18":{"start":{"line":37,"column":34},"end":{"line":37,"column":64}},"19":{"start":{"line":39,"column":4},"end":{"line":39,"column":52}},"20":{"start":{"line":41,"column":4},"end":{"line":41,"column":67}},"21":{"start":{"line":45,"column":25},"end":{"line":47,"column":3}},"22":{"start":{"line":50,"column":21},"end":{"line":50,"column":64}},"23":{"start":{"line":54,"column":0},"end":{"line":54,"column":45}}},"fnMap":{"0":{"name":"(anonymous_0)","decl":{"start":{"line":11,"column":20},"end":{"line":11,"column":21}},"loc":{"start":{"line":11,"column":36},"end":{"line":15,"column":1}},"line":11},"1":{"name":"(anonymous_1)","decl":{"start":{"line":22,"column":12},"end":{"line":22,"column":13}},"loc":{"start":{"line":22,"column":26},"end":{"line":27,"column":3}},"line":22},"2":{"name":"(anonymous_2)","decl":{"start":{"line":29,"column":18},"end":{"line":29,"column":19}},"loc":{"start":{"line":29,"column":37},"end":{"line":32,"column":3}},"line":29},"3":{"name":"(anonymous_3)","decl":{"start":{"line":37,"column":25},"end":{"line":37,"column":26}},"loc":{"start":{"line":37,"column":34},"end":{"line":37,"column":64}},"line":37},"4":{"name":"(anonymous_4)","decl":{"start":{"line":38,"column":24},"end":{"line":38,"column":25}},"loc":{"start":{"line":39,"column":4},"end":{"line":39,"column":52}},"line":39},"5":{"name":"(anonymous_5)","decl":{"start":{"line":40,"column":22},"end":{"line":40,"column":23}},"loc":{"start":{"line":41,"column":4},"end":{"line":41,"column":67}},"line":41},"6":{"name":"(anonymous_6)","decl":{"start":{"line":45,"column":15},"end":{"line":45,"column":16}},"loc":{"start":{"line":45,"column":25},"end":{"line":47,"column":3}},"line":45},"7":{"name":"(anonymous_7)","decl":{"start":{"line":50,"column":12},"end":{"line":50,"column":13}},"loc":{"start":{"line":50,"column":21},"end":{"line":50,"column":64}},"line":50}},"branchMap":{"0":{"loc":{"start":{"line":12,"column":2},"end":{"line":12,"column":40}},"type":"if","locations":[{"start":{"line":12,"column":2},"end":{"line":12,"column":40}},{"start":{},"end":{}}],"line":12},"1":{"loc":{"start":{"line":13,"column":2},"end":{"line":13,"column":39}},"type":"if","locations":[{"start":{"line":13,"column":2},"end":{"line":13,"column":39}},{"start":{},"end":{}}],"line":13},"2":{"loc":{"start":{"line":24,"column":15},"end":{"line":24,"column":39}},"type":"binary-expr","locations":[{"start":{"line":24,"column":15},"end":{"line":24,"column":23}},{"start":{"line":24,"column":27},"end":{"line":24,"column":39}}],"line":24},"3":{"loc":{"start":{"line":30,"column":4},"end":{"line":30,"column":28}},"type":"if","locations":[{"start":{"line":30,"column":4},"end":{"line":30,"column":28}},{"start":{},"end":{}}],"line":30},"4":{"loc":{"start":{"line":46,"column":12},"end":{"line":46,"column":54}},"type":"cond-expr","locations":[{"start":{"line":46,"column":23},"end":{"line":46,"column":42}},{"start":{"line":46,"column":45},"end":{"line":46,"column":54}}],"line":46},"5":{"loc":{"start":{"line":50,"column":37},"end":{"line":50,"column":63}},"type":"binary-expr","locations":[{"start":{"line":50,"column":37},"end":{"line":50,"column":52}},{"start":{"line":50,"column":56},"end":{"line":50,"column":63}}],"line":50}},"s":{"0":0,"1":0,"2":0,"3":0,"4":0,"5":0,"6":0,"7":0,"8":0,"9":0,"10":0,"11":0,"12":0,"13":0,"14":0,"15":0,"16":0,"17":0,"18":0,"19":0,"20":0,"21":0,"22":0,"23":0},"f":{"0":0,"1":0,"2":0,"3":0,"4":0,"5":0,"6":0,"7":0},"b":{"0":[0,0],"1":[0,0],"2":[0,0],"3":[0,0],"4":[0,0],"5":[0,0]},"all":true},"C:\\Users\\hamma\\Desktop\\cohort-9-mern-14766-hammad\\backend\\src\\middleware\\validate.js":{"path":"C:\\Users\\hamma\\Desktop\\cohort-9-mern-14766-hammad\\backend\\src\\middleware\\validate.js","statementMap":{"0":{"start":{"line":1,"column":29},"end":{"line":1,"column":57}},"1":{"start":{"line":3,"column":17},"end":{"line":3,"column":45}},"2":{"start":{"line":6,"column":0},"end":{"line":12,"column":2}},"3":{"start":{"line":7,"column":17},"end":{"line":7,"column":38}},"4":{"start":{"line":8,"column":2},"end":{"line":8,"column":38}},"5":{"start":{"line":8,"column":24},"end":{"line":8,"column":38}},"6":{"start":{"line":10,"column":17},"end":{"line":10,"column":79}},"7":{"start":{"line":10,"column":44},"end":{"line":10,"column":77}},"8":{"start":{"line":11,"column":2},"end":{"line":11,"column":55}}},"fnMap":{"0":{"name":"(anonymous_0)","decl":{"start":{"line":6,"column":17},"end":{"line":6,"column":18}},"loc":{"start":{"line":6,"column":37},"end":{"line":12,"column":1}},"line":6},"1":{"name":"(anonymous_1)","decl":{"start":{"line":10,"column":36},"end":{"line":10,"column":37}},"loc":{"start":{"line":10,"column":44},"end":{"line":10,"column":77}},"line":10}},"branchMap":{"0":{"loc":{"start":{"line":8,"column":2},"end":{"line":8,"column":38}},"type":"if","locations":[{"start":{"line":8,"column":2},"end":{"line":8,"column":38}},{"start":{},"end":{}}],"line":8}},"s":{"0":0,"1":0,"2":0,"3":0,"4":0,"5":0,"6":0,"7":0,"8":0},"f":{"0":0,"1":0},"b":{"0":[0,0]},"all":true},"C:\\Users\\hamma\\Desktop\\cohort-9-mern-14766-hammad\\backend\\src\\models\\note.model.js":{"path":"C:\\Users\\hamma\\Desktop\\cohort-9-mern-14766-hammad\\backend\\src\\models\\note.model.js","statementMap":{"0":{"start":{"line":1,"column":17},"end":{"line":1,"column":36}},"1":{"start":{"line":3,"column":19},"end":{"line":25,"column":1}},"2":{"start":{"line":29,"column":0},"end":{"line":29,"column":45}},"3":{"start":{"line":31,"column":0},"end":{"line":38,"column":3}},"4":{"start":{"line":34,"column":4},"end":{"line":34,"column":21}},"5":{"start":{"line":35,"column":4},"end":{"line":35,"column":19}},"6":{"start":{"line":36,"column":4},"end":{"line":36,"column":15}},"7":{"start":{"line":40,"column":0},"end":{"line":40,"column":52}}},"fnMap":{"0":{"name":"(anonymous_0)","decl":{"start":{"line":33,"column":13},"end":{"line":33,"column":14}},"loc":{"start":{"line":33,"column":27},"end":{"line":37,"column":3}},"line":33}},"branchMap":{},"s":{"0":0,"1":0,"2":0,"3":0,"4":0,"5":0,"6":0,"7":0},"f":{"0":0},"b":{},"all":true},"C:\\Users\\hamma\\Desktop\\cohort-9-mern-14766-hammad\\backend\\src\\models\\user.model.js":{"path":"C:\\Users\\hamma\\Desktop\\cohort-9-mern-14766-hammad\\backend\\src\\models\\user.model.js","statementMap":{"0":{"start":{"line":1,"column":17},"end":{"line":1,"column":36}},"1":{"start":{"line":2,"column":15},"end":{"line":2,"column":34}},"2":{"start":{"line":4,"column":23},"end":{"line":4,"column":47}},"3":{"start":{"line":6,"column":19},"end":{"line":38,"column":1}},"4":{"start":{"line":41,"column":0},"end":{"line":44,"column":3}},"5":{"start":{"line":42,"column":2},"end":{"line":42,"column":43}},"6":{"start":{"line":42,"column":36},"end":{"line":42,"column":43}},"7":{"start":{"line":43,"column":2},"end":{"line":43,"column":63}},"8":{"start":{"line":46,"column":0},"end":{"line":48,"column":2}},"9":{"start":{"line":47,"column":2},"end":{"line":47,"column":50}},"10":{"start":{"line":50,"column":0},"end":{"line":58,"column":3}},"11":{"start":{"line":53,"column":4},"end":{"line":53,"column":21}},"12":{"start":{"line":54,"column":4},"end":{"line":54,"column":19}},"13":{"start":{"line":55,"column":4},"end":{"line":55,"column":24}},"14":{"start":{"line":56,"column":4},"end":{"line":56,"column":15}},"15":{"start":{"line":60,"column":0},"end":{"line":60,"column":52}}},"fnMap":{"0":{"name":"(anonymous_0)","decl":{"start":{"line":41,"column":23},"end":{"line":41,"column":24}},"loc":{"start":{"line":41,"column":41},"end":{"line":44,"column":1}},"line":41},"1":{"name":"(anonymous_1)","decl":{"start":{"line":46,"column":37},"end":{"line":46,"column":38}},"loc":{"start":{"line":46,"column":58},"end":{"line":48,"column":1}},"line":46},"2":{"name":"(anonymous_2)","decl":{"start":{"line":52,"column":13},"end":{"line":52,"column":14}},"loc":{"start":{"line":52,"column":27},"end":{"line":57,"column":3}},"line":52}},"branchMap":{"0":{"loc":{"start":{"line":42,"column":2},"end":{"line":42,"column":43}},"type":"if","locations":[{"start":{"line":42,"column":2},"end":{"line":42,"column":43}},{"start":{},"end":{}}],"line":42}},"s":{"0":0,"1":0,"2":0,"3":0,"4":0,"5":0,"6":0,"7":0,"8":0,"9":0,"10":0,"11":0,"12":0,"13":0,"14":0,"15":0},"f":{"0":0,"1":0,"2":0},"b":{"0":[0,0]},"all":true},"C:\\Users\\hamma\\Desktop\\cohort-9-mern-14766-hammad\\backend\\src\\routes\\auth.routes.js":{"path":"C:\\Users\\hamma\\Desktop\\cohort-9-mern-14766-hammad\\backend\\src\\routes\\auth.routes.js","statementMap":{"0":{"start":{"line":1,"column":16},"end":{"line":1,"column":34}},"1":{"start":{"line":3,"column":35},"end":{"line":3,"column":76}},"2":{"start":{"line":4,"column":17},"end":{"line":4,"column":50}},"3":{"start":{"line":5,"column":14},"end":{"line":5,"column":55}},"4":{"start":{"line":6,"column":25},"end":{"line":6,"column":65}},"5":{"start":{"line":10,"column":4},"end":{"line":10,"column":43}},"6":{"start":{"line":12,"column":15},"end":{"line":12,"column":31}},"7":{"start":{"line":14,"column":0},"end":{"line":14,"column":88}},"8":{"start":{"line":15,"column":0},"end":{"line":15,"column":76}},"9":{"start":{"line":16,"column":0},"end":{"line":16,"column":67}},"10":{"start":{"line":18,"column":0},"end":{"line":18,"column":24}}},"fnMap":{},"branchMap":{},"s":{"0":0,"1":0,"2":0,"3":0,"4":0,"5":0,"6":0,"7":0,"8":0,"9":0,"10":0},"f":{},"b":{},"all":true},"C:\\Users\\hamma\\Desktop\\cohort-9-mern-14766-hammad\\backend\\src\\routes\\index.js":{"path":"C:\\Users\\hamma\\Desktop\\cohort-9-mern-14766-hammad\\backend\\src\\routes\\index.js","statementMap":{"0":{"start":{"line":1,"column":16},"end":{"line":1,"column":34}},"1":{"start":{"line":3,"column":19},"end":{"line":3,"column":43}},"2":{"start":{"line":4,"column":19},"end":{"line":4,"column":43}},"3":{"start":{"line":6,"column":15},"end":{"line":6,"column":31}},"4":{"start":{"line":8,"column":0},"end":{"line":10,"column":3}},"5":{"start":{"line":9,"column":2},"end":{"line":9,"column":57}},"6":{"start":{"line":12,"column":0},"end":{"line":12,"column":32}},"7":{"start":{"line":13,"column":0},"end":{"line":13,"column":33}},"8":{"start":{"line":15,"column":0},"end":{"line":15,"column":24}}},"fnMap":{"0":{"name":"(anonymous_0)","decl":{"start":{"line":8,"column":22},"end":{"line":8,"column":23}},"loc":{"start":{"line":8,"column":36},"end":{"line":10,"column":1}},"line":8}},"branchMap":{},"s":{"0":0,"1":0,"2":0,"3":0,"4":0,"5":0,"6":0,"7":0,"8":0},"f":{"0":0},"b":{},"all":true},"C:\\Users\\hamma\\Desktop\\cohort-9-mern-14766-hammad\\backend\\src\\routes\\note.routes.js":{"path":"C:\\Users\\hamma\\Desktop\\cohort-9-mern-14766-hammad\\backend\\src\\routes\\note.routes.js","statementMap":{"0":{"start":{"line":1,"column":16},"end":{"line":1,"column":34}},"1":{"start":{"line":9,"column":4},"end":{"line":9,"column":45}},"2":{"start":{"line":10,"column":17},"end":{"line":10,"column":50}},"3":{"start":{"line":11,"column":14},"end":{"line":11,"column":55}},"4":{"start":{"line":12,"column":25},"end":{"line":12,"column":65}},"5":{"start":{"line":17,"column":4},"end":{"line":17,"column":43}},"6":{"start":{"line":19,"column":15},"end":{"line":19,"column":31}},"7":{"start":{"line":22,"column":0},"end":{"line":22,"column":25}},"8":{"start":{"line":24,"column":0},"end":{"line":24,"column":82}},"9":{"start":{"line":25,"column":0},"end":{"line":25,"column":46}},"10":{"start":{"line":26,"column":0},"end":{"line":26,"column":75}},"11":{"start":{"line":27,"column":0},"end":{"line":27,"column":86}},"12":{"start":{"line":28,"column":0},"end":{"line":28,"column":83}},"13":{"start":{"line":30,"column":0},"end":{"line":30,"column":24}}},"fnMap":{},"branchMap":{},"s":{"0":0,"1":0,"2":0,"3":0,"4":0,"5":0,"6":0,"7":0,"8":0,"9":0,"10":0,"11":0,"12":0,"13":0},"f":{},"b":{},"all":true},"C:\\Users\\hamma\\Desktop\\cohort-9-mern-14766-hammad\\backend\\src\\services\\auth.service.js":{"path":"C:\\Users\\hamma\\Desktop\\cohort-9-mern-14766-hammad\\backend\\src\\services\\auth.service.js","statementMap":{"0":{"start":{"line":1,"column":13},"end":{"line":1,"column":44}},"1":{"start":{"line":2,"column":17},"end":{"line":2,"column":45}},"2":{"start":{"line":3,"column":22},"end":{"line":3,"column":45}},"3":{"start":{"line":5,"column":17},"end":{"line":15,"column":1}},"4":{"start":{"line":8,"column":2},"end":{"line":10,"column":3}},"5":{"start":{"line":9,"column":4},"end":{"line":9,"column":73}},"6":{"start":{"line":12,"column":15},"end":{"line":12,"column":59}},"7":{"start":{"line":14,"column":2},"end":{"line":14,"column":57}},"8":{"start":{"line":17,"column":14},"end":{"line":27,"column":1}},"9":{"start":{"line":18,"column":15},"end":{"line":18,"column":64}},"10":{"start":{"line":22,"column":2},"end":{"line":24,"column":3}},"11":{"start":{"line":23,"column":4},"end":{"line":23,"column":57}},"12":{"start":{"line":26,"column":2},"end":{"line":26,"column":57}},"13":{"start":{"line":29,"column":0},"end":{"line":29,"column":37}}},"fnMap":{"0":{"name":"(anonymous_0)","decl":{"start":{"line":5,"column":17},"end":{"line":5,"column":18}},"loc":{"start":{"line":5,"column":54},"end":{"line":15,"column":1}},"line":5},"1":{"name":"(anonymous_1)","decl":{"start":{"line":17,"column":14},"end":{"line":17,"column":15}},"loc":{"start":{"line":17,"column":45},"end":{"line":27,"column":1}},"line":17}},"branchMap":{"0":{"loc":{"start":{"line":8,"column":2},"end":{"line":10,"column":3}},"type":"if","locations":[{"start":{"line":8,"column":2},"end":{"line":10,"column":3}},{"start":{},"end":{}}],"line":8},"1":{"loc":{"start":{"line":22,"column":2},"end":{"line":24,"column":3}},"type":"if","locations":[{"start":{"line":22,"column":2},"end":{"line":24,"column":3}},{"start":{},"end":{}}],"line":22},"2":{"loc":{"start":{"line":22,"column":6},"end":{"line":22,"column":54}},"type":"binary-expr","locations":[{"start":{"line":22,"column":6},"end":{"line":22,"column":11}},{"start":{"line":22,"column":15},"end":{"line":22,"column":54}}],"line":22}},"s":{"0":0,"1":0,"2":0,"3":0,"4":0,"5":0,"6":0,"7":0,"8":0,"9":0,"10":0,"11":0,"12":0,"13":0},"f":{"0":0,"1":0},"b":{"0":[0,0],"1":[0,0],"2":[0,0]},"all":true},"C:\\Users\\hamma\\Desktop\\cohort-9-mern-14766-hammad\\backend\\src\\services\\note.service.js":{"path":"C:\\Users\\hamma\\Desktop\\cohort-9-mern-14766-hammad\\backend\\src\\services\\note.service.js","statementMap":{"0":{"start":{"line":1,"column":13},"end":{"line":1,"column":44}},"1":{"start":{"line":2,"column":17},"end":{"line":2,"column":45}},"2":{"start":{"line":7,"column":18},"end":{"line":11,"column":1}},"3":{"start":{"line":8,"column":15},"end":{"line":8,"column":60}},"4":{"start":{"line":9,"column":2},"end":{"line":9,"column":55}},"5":{"start":{"line":9,"column":13},"end":{"line":9,"column":55}},"6":{"start":{"line":10,"column":2},"end":{"line":10,"column":14}},"7":{"start":{"line":13,"column":19},"end":{"line":16,"column":1}},"8":{"start":{"line":14,"column":15},"end":{"line":14,"column":66}},"9":{"start":{"line":15,"column":2},"end":{"line":15,"column":33}},"10":{"start":{"line":18,"column":17},"end":{"line":21,"column":1}},"11":{"start":{"line":19,"column":16},"end":{"line":19,"column":73}},"12":{"start":{"line":20,"column":2},"end":{"line":20,"column":76}},"13":{"start":{"line":20,"column":38},"end":{"line":20,"column":51}},"14":{"start":{"line":23,"column":16},"end":{"line":26,"column":1}},"15":{"start":{"line":24,"column":15},"end":{"line":24,"column":42}},"16":{"start":{"line":25,"column":2},"end":{"line":25,"column":33}},"17":{"start":{"line":28,"column":19},"end":{"line":43,"column":1}},"18":{"start":{"line":29,"column":2},"end":{"line":31,"column":3}},"19":{"start":{"line":30,"column":4},"end":{"line":30,"column":68}},"20":{"start":{"line":33,"column":15},"end":{"line":33,"column":42}},"21":{"start":{"line":35,"column":2},"end":{"line":35,"column":46}},"22":{"start":{"line":35,"column":27},"end":{"line":35,"column":46}},"23":{"start":{"line":36,"column":2},"end":{"line":36,"column":52}},"24":{"start":{"line":36,"column":29},"end":{"line":36,"column":52}},"25":{"start":{"line":40,"column":2},"end":{"line":40,"column":20}},"26":{"start":{"line":42,"column":2},"end":{"line":42,"column":33}},"27":{"start":{"line":45,"column":19},"end":{"line":48,"column":1}},"28":{"start":{"line":46,"column":15},"end":{"line":46,"column":42}},"29":{"start":{"line":47,"column":2},"end":{"line":47,"column":25}},"30":{"start":{"line":50,"column":0},"end":{"line":50,"column":75}}},"fnMap":{"0":{"name":"(anonymous_0)","decl":{"start":{"line":7,"column":18},"end":{"line":7,"column":19}},"loc":{"start":{"line":7,"column":40},"end":{"line":11,"column":1}},"line":7},"1":{"name":"(anonymous_1)","decl":{"start":{"line":13,"column":19},"end":{"line":13,"column":20}},"loc":{"start":{"line":13,"column":57},"end":{"line":16,"column":1}},"line":13},"2":{"name":"(anonymous_2)","decl":{"start":{"line":18,"column":17},"end":{"line":18,"column":18}},"loc":{"start":{"line":18,"column":39},"end":{"line":21,"column":1}},"line":18},"3":{"name":"(anonymous_3)","decl":{"start":{"line":20,"column":28},"end":{"line":20,"column":29}},"loc":{"start":{"line":20,"column":38},"end":{"line":20,"column":51}},"line":20},"4":{"name":"(anonymous_4)","decl":{"start":{"line":23,"column":16},"end":{"line":23,"column":17}},"loc":{"start":{"line":23,"column":42},"end":{"line":26,"column":1}},"line":23},"5":{"name":"(anonymous_5)","decl":{"start":{"line":28,"column":19},"end":{"line":28,"column":20}},"loc":{"start":{"line":28,"column":61},"end":{"line":43,"column":1}},"line":28},"6":{"name":"(anonymous_6)","decl":{"start":{"line":45,"column":19},"end":{"line":45,"column":20}},"loc":{"start":{"line":45,"column":45},"end":{"line":48,"column":1}},"line":45}},"branchMap":{"0":{"loc":{"start":{"line":9,"column":2},"end":{"line":9,"column":55}},"type":"if","locations":[{"start":{"line":9,"column":2},"end":{"line":9,"column":55}},{"start":{},"end":{}}],"line":9},"1":{"loc":{"start":{"line":29,"column":2},"end":{"line":31,"column":3}},"type":"if","locations":[{"start":{"line":29,"column":2},"end":{"line":31,"column":3}},{"start":{},"end":{}}],"line":29},"2":{"loc":{"start":{"line":29,"column":6},"end":{"line":29,"column":50}},"type":"binary-expr","locations":[{"start":{"line":29,"column":6},"end":{"line":29,"column":25}},{"start":{"line":29,"column":29},"end":{"line":29,"column":50}}],"line":29},"3":{"loc":{"start":{"line":35,"column":2},"end":{"line":35,"column":46}},"type":"if","locations":[{"start":{"line":35,"column":2},"end":{"line":35,"column":46}},{"start":{},"end":{}}],"line":35},"4":{"loc":{"start":{"line":36,"column":2},"end":{"line":36,"column":52}},"type":"if","locations":[{"start":{"line":36,"column":2},"end":{"line":36,"column":52}},{"start":{},"end":{}}],"line":36}},"s":{"0":0,"1":0,"2":0,"3":0,"4":0,"5":0,"6":0,"7":0,"8":0,"9":0,"10":0,"11":0,"12":0,"13":0,"14":0,"15":0,"16":0,"17":0,"18":0,"19":0,"20":0,"21":0,"22":0,"23":0,"24":0,"25":0,"26":0,"27":0,"28":0,"29":0,"30":0},"f":{"0":0,"1":0,"2":0,"3":0,"4":0,"5":0,"6":0},"b":{"0":[0,0],"1":[0,0],"2":[0,0],"3":[0,0],"4":[0,0]},"all":true},"C:\\Users\\hamma\\Desktop\\cohort-9-mern-14766-hammad\\backend\\src\\utils\\ApiError.js":{"path":"C:\\Users\\hamma\\Desktop\\cohort-9-mern-14766-hammad\\backend\\src\\utils\\ApiError.js","statementMap":{"0":{"start":{"line":3,"column":4},"end":{"line":3,"column":19}},"1":{"start":{"line":4,"column":4},"end":{"line":4,"column":33}},"2":{"start":{"line":5,"column":4},"end":{"line":5,"column":37}},"3":{"start":{"line":5,"column":16},"end":{"line":5,"column":37}},"4":{"start":{"line":6,"column":4},"end":{"line":6,"column":52}},"5":{"start":{"line":10,"column":0},"end":{"line":10,"column":26}}},"fnMap":{"0":{"name":"(anonymous_0)","decl":{"start":{"line":2,"column":2},"end":{"line":2,"column":3}},"loc":{"start":{"line":2,"column":43},"end":{"line":7,"column":3}},"line":2}},"branchMap":{"0":{"loc":{"start":{"line":5,"column":4},"end":{"line":5,"column":37}},"type":"if","locations":[{"start":{"line":5,"column":4},"end":{"line":5,"column":37}},{"start":{},"end":{}}],"line":5}},"s":{"0":0,"1":0,"2":0,"3":0,"4":0,"5":0},"f":{"0":0},"b":{"0":[0,0]},"all":true},"C:\\Users\\hamma\\Desktop\\cohort-9-mern-14766-hammad\\backend\\src\\utils\\asyncHandler.js":{"path":"C:\\Users\\hamma\\Desktop\\cohort-9-mern-14766-hammad\\backend\\src\\utils\\asyncHandler.js","statementMap":{"0":{"start":{"line":3,"column":21},"end":{"line":5,"column":1}},"1":{"start":{"line":3,"column":29},"end":{"line":5,"column":1}},"2":{"start":{"line":4,"column":2},"end":{"line":4,"column":50}},"3":{"start":{"line":7,"column":0},"end":{"line":7,"column":30}}},"fnMap":{"0":{"name":"(anonymous_0)","decl":{"start":{"line":3,"column":21},"end":{"line":3,"column":22}},"loc":{"start":{"line":3,"column":29},"end":{"line":5,"column":1}},"line":3},"1":{"name":"(anonymous_1)","decl":{"start":{"line":3,"column":29},"end":{"line":3,"column":30}},"loc":{"start":{"line":3,"column":49},"end":{"line":5,"column":1}},"line":3}},"branchMap":{},"s":{"0":0,"1":0,"2":0,"3":0},"f":{"0":0,"1":0},"b":{},"all":true},"C:\\Users\\hamma\\Desktop\\cohort-9-mern-14766-hammad\\backend\\src\\utils\\jwt.js":{"path":"C:\\Users\\hamma\\Desktop\\cohort-9-mern-14766-hammad\\backend\\src\\utils\\jwt.js","statementMap":{"0":{"start":{"line":1,"column":12},"end":{"line":1,"column":35}},"1":{"start":{"line":3,"column":36},"end":{"line":3,"column":60}},"2":{"start":{"line":7,"column":18},"end":{"line":10,"column":4}},"3":{"start":{"line":8,"column":2},"end":{"line":10,"column":4}},"4":{"start":{"line":12,"column":20},"end":{"line":12,"column":59}},"5":{"start":{"line":12,"column":31},"end":{"line":12,"column":59}},"6":{"start":{"line":14,"column":0},"end":{"line":14,"column":44}}},"fnMap":{"0":{"name":"(anonymous_0)","decl":{"start":{"line":7,"column":18},"end":{"line":7,"column":19}},"loc":{"start":{"line":8,"column":2},"end":{"line":10,"column":4}},"line":8},"1":{"name":"(anonymous_1)","decl":{"start":{"line":12,"column":20},"end":{"line":12,"column":21}},"loc":{"start":{"line":12,"column":31},"end":{"line":12,"column":59}},"line":12}},"branchMap":{},"s":{"0":0,"1":0,"2":0,"3":0,"4":0,"5":0,"6":0},"f":{"0":0,"1":0},"b":{},"all":true},"C:\\Users\\hamma\\Desktop\\cohort-9-mern-14766-hammad\\backend\\src\\validators\\auth.validator.js":{"path":"C:\\Users\\hamma\\Desktop\\cohort-9-mern-14766-hammad\\backend\\src\\validators\\auth.validator.js","statementMap":{"0":{"start":{"line":1,"column":17},"end":{"line":1,"column":45}},"1":{"start":{"line":5,"column":21},"end":{"line":5,"column":23}},"2":{"start":{"line":7,"column":26},"end":{"line":41,"column":1}},"3":{"start":{"line":44,"column":23},"end":{"line":56,"column":1}},"4":{"start":{"line":58,"column":0},"end":{"line":58,"column":55}}},"fnMap":{},"branchMap":{},"s":{"0":0,"1":0,"2":0,"3":0,"4":0},"f":{},"b":{},"all":true},"C:\\Users\\hamma\\Desktop\\cohort-9-mern-14766-hammad\\backend\\src\\validators\\note.validator.js":{"path":"C:\\Users\\hamma\\Desktop\\cohort-9-mern-14766-hammad\\backend\\src\\validators\\note.validator.js","statementMap":{"0":{"start":{"line":1,"column":24},"end":{"line":1,"column":52}},"1":{"start":{"line":5,"column":18},"end":{"line":5,"column":21}},"2":{"start":{"line":6,"column":20},"end":{"line":6,"column":25}},"3":{"start":{"line":8,"column":24},"end":{"line":10,"column":1}},"4":{"start":{"line":12,"column":28},"end":{"line":28,"column":1}},"5":{"start":{"line":32,"column":28},"end":{"line":52,"column":1}},"6":{"start":{"line":54,"column":0},"end":{"line":54,"column":79}}},"fnMap":{},"branchMap":{},"s":{"0":0,"1":0,"2":0,"3":0,"4":0,"5":0,"6":0},"f":{},"b":{},"all":true}}